{"meta": {"format": 3, "version": "7.14.1", "timestamp": "2026-06-03T14:09:47.696341", "branch_coverage": false, "show_contexts": false}, "files": {"accounting/__init__.py": {"executed_lines": [], "summary": {"covered_lines": 0, "num_statements": 0, "percent_covered": 100.0, "percent_covered_display": "100.0", "missing_lines": 0, "excluded_lines": 0, "percent_statements_covered": 100.0, "percent_statements_covered_display": "100.0"}, "missing_lines": [], "excluded_lines": [], "functions": {"": {"executed_lines": [], "summary": {"covered_lines": 0, "num_statements": 0, "percent_covered": 100.0, "percent_covered_display": "100.0", "missing_lines": 0, "excluded_lines": 0, "percent_statements_covered": 100.0, "percent_statements_covered_display": "100.0"}, "missing_lines": [], "excluded_lines": [], "start_line": 1}}, "classes": {"": {"executed_lines": [], "summary": {"covered_lines": 0, "num_statements": 0, "percent_covered": 100.0, "percent_covered_display": "100.0", "missing_lines": 0, "excluded_lines": 0, "percent_statements_covered": 100.0, "percent_statements_covered_display": "100.0"}, "missing_lines": [], "excluded_lines": [], "start_line": 1}}}, "accounting/admin.py": {"executed_lines": [1, 2, 5, 6, 7, 8, 9, 12, 13, 14, 18, 19, 20, 21, 23, 39, 40, 41, 45, 46, 47, 48, 49, 51, 64, 65, 66, 70, 71, 72, 73, 74, 75], "summary": {"covered_lines": 33, "num_statements": 33, "percent_covered": 100.0, "percent_covered_display": "100.0", "missing_lines": 0, "excluded_lines": 0, "percent_statements_covered": 100.0, "percent_statements_covered_display": "100.0"}, "missing_lines": [], "excluded_lines": [], "functions": {"": {"executed_lines": [1, 2, 5, 6, 7, 8, 9, 12, 13, 14, 18, 19, 20, 21, 23, 39, 40, 41, 45, 46, 47, 48, 49, 51, 64, 65, 66, 70, 71, 72, 73, 74, 75], "summary": {"covered_lines": 33, "num_statements": 33, "percent_covered": 100.0, "percent_covered_display": "100.0", "missing_lines": 0, "excluded_lines": 0, "percent_statements_covered": 100.0, "percent_statements_covered_display": "100.0"}, "missing_lines": [], "excluded_lines": [], "start_line": 1}}, "classes": {"AccountTypeAdmin": {"executed_lines": [], "summary": {"covered_lines": 0, "num_statements": 0, "percent_covered": 100.0, "percent_covered_display": "100.0", "missing_lines": 0, "excluded_lines": 0, "percent_statements_covered": 100.0, "percent_statements_covered_display": "100.0"}, "missing_lines": [], "excluded_lines": [], "start_line": 6}, "AccountAdmin": {"executed_lines": [], "summary": {"covered_lines": 0, "num_statements": 0, "percent_covered": 100.0, "percent_covered_display": "100.0", "missing_lines": 0, "excluded_lines": 0, "percent_statements_covered": 100.0, "percent_statements_covered_display": "100.0"}, "missing_lines": [], "excluded_lines": [], "start_line": 13}, "JournalEntryAdmin": {"executed_lines": [], "summary": {"covered_lines": 0, "num_statements": 0, "percent_covered": 100.0, "percent_covered_display": "100.0", "missing_lines": 0, "excluded_lines": 0, "percent_statements_covered": 100.0, "percent_statements_covered_display": "100.0"}, "missing_lines": [], "excluded_lines": [], "start_line": 40}, "TransactionAdmin": {"executed_lines": [], "summary": {"covered_lines": 0, "num_statements": 0, "percent_covered": 100.0, "percent_covered_display": "100.0", "missing_lines": 0, "excluded_lines": 0, "percent_statements_covered": 100.0, "percent_statements_covered_display": "100.0"}, "missing_lines": [], "excluded_lines": [], "start_line": 65}, "": {"executed_lines": [1, 2, 5, 6, 7, 8, 9, 12, 13, 14, 18, 19, 20, 21, 23, 39, 40, 41, 45, 46, 47, 48, 49, 51, 64, 65, 66, 70, 71, 72, 73, 74, 75], "summary": {"covered_lines": 33, "num_statements": 33, "percent_covered": 100.0, "percent_covered_display": "100.0", "missing_lines": 0, "excluded_lines": 0, "percent_statements_covered": 100.0, "percent_statements_covered_display": "100.0"}, "missing_lines": [], "excluded_lines": [], "start_line": 1}}}, "accounting/apps.py": {"executed_lines": [1, 4, 5, 6], "summary": {"covered_lines": 4, "num_statements": 4, "percent_covered": 100.0, "percent_covered_display": "100.0", "missing_lines": 0, "excluded_lines": 0, "percent_statements_covered": 100.0, "percent_statements_covered_display": "100.0"}, "missing_lines": [], "excluded_lines": [], "functions": {"": {"executed_lines": [1, 4, 5, 6], "summary": {"covered_lines": 4, "num_statements": 4, "percent_covered": 100.0, "percent_covered_display": "100.0", "missing_lines": 0, "excluded_lines": 0, "percent_statements_covered": 100.0, "percent_statements_covered_display": "100.0"}, "missing_lines": [], "excluded_lines": [], "start_line": 1}}, "classes": {"AccountingConfig": {"executed_lines": [], "summary": {"covered_lines": 0, "num_statements": 0, "percent_covered": 100.0, "percent_covered_display": "100.0", "missing_lines": 0, "excluded_lines": 0, "percent_statements_covered": 100.0, "percent_statements_covered_display": "100.0"}, "missing_lines": [], "excluded_lines": [], "start_line": 4}, "": {"executed_lines": [1, 4, 5, 6], "summary": {"covered_lines": 4, "num_statements": 4, "percent_covered": 100.0, "percent_covered_display": "100.0", "missing_lines": 0, "excluded_lines": 0, "percent_statements_covered": 100.0, "percent_statements_covered_display": "100.0"}, "missing_lines": [], "excluded_lines": [], "start_line": 1}}}, "accounting/chart_setup.py": {"executed_lines": [3, 5, 14, 29], "summary": {"covered_lines": 4, "num_statements": 14, "percent_covered": 28.571428571428573, "percent_covered_display": "28.6", "missing_lines": 10, "excluded_lines": 0, "percent_statements_covered": 28.571428571428573, "percent_statements_covered_display": "28.6"}, "missing_lines": [16, 17, 18, 25, 26, 31, 32, 33, 34, 41], "excluded_lines": [], "functions": {"ensure_default_account_types": {"executed_lines": [], "summary": {"covered_lines": 0, "num_statements": 5, "percent_covered": 0.0, "percent_covered_display": "0.0", "missing_lines": 5, "excluded_lines": 0, "percent_statements_covered": 0.0, "percent_statements_covered_display": "0.0"}, "missing_lines": [16, 17, 18, 25, 26], "excluded_lines": [], "start_line": 14}, "get_account_type": {"executed_lines": [], "summary": {"covered_lines": 0, "num_statements": 5, "percent_covered": 0.0, "percent_covered_display": "0.0", "missing_lines": 5, "excluded_lines": 0, "percent_statements_covered": 0.0, "percent_statements_covered_display": "0.0"}, "missing_lines": [31, 32, 33, 34, 41], "excluded_lines": [], "start_line": 29}, "": {"executed_lines": [3, 5, 14, 29], "summary": {"covered_lines": 4, "num_statements": 4, "percent_covered": 100.0, "percent_covered_display": "100.0", "missing_lines": 0, "excluded_lines": 0, "percent_statements_covered": 100.0, "percent_statements_covered_display": "100.0"}, "missing_lines": [], "excluded_lines": [], "start_line": 1}}, "classes": {"": {"executed_lines": [3, 5, 14, 29], "summary": {"covered_lines": 4, "num_statements": 14, "percent_covered": 28.571428571428573, "percent_covered_display": "28.6", "missing_lines": 10, "excluded_lines": 0, "percent_statements_covered": 28.571428571428573, "percent_statements_covered_display": "28.6"}, "missing_lines": [16, 17, 18, 25, 26, 31, 32, 33, 34, 41], "excluded_lines": [], "start_line": 1}}}, "accounting/management/__init__.py": {"executed_lines": [], "summary": {"covered_lines": 0, "num_statements": 0, "percent_covered": 100.0, "percent_covered_display": "100.0", "missing_lines": 0, "excluded_lines": 0, "percent_statements_covered": 100.0, "percent_statements_covered_display": "100.0"}, "missing_lines": [], "excluded_lines": [], "functions": {"": {"executed_lines": [], "summary": {"covered_lines": 0, "num_statements": 0, "percent_covered": 100.0, "percent_covered_display": "100.0", "missing_lines": 0, "excluded_lines": 0, "percent_statements_covered": 100.0, "percent_statements_covered_display": "100.0"}, "missing_lines": [], "excluded_lines": [], "start_line": 1}}, "classes": {"": {"executed_lines": [], "summary": {"covered_lines": 0, "num_statements": 0, "percent_covered": 100.0, "percent_covered_display": "100.0", "missing_lines": 0, "excluded_lines": 0, "percent_statements_covered": 100.0, "percent_statements_covered_display": "100.0"}, "missing_lines": [], "excluded_lines": [], "start_line": 1}}}, "accounting/management/commands/__init__.py": {"executed_lines": [], "summary": {"covered_lines": 0, "num_statements": 0, "percent_covered": 100.0, "percent_covered_display": "100.0", "missing_lines": 0, "excluded_lines": 0, "percent_statements_covered": 100.0, "percent_statements_covered_display": "100.0"}, "missing_lines": [], "excluded_lines": [], "functions": {"": {"executed_lines": [], "summary": {"covered_lines": 0, "num_statements": 0, "percent_covered": 100.0, "percent_covered_display": "100.0", "missing_lines": 0, "excluded_lines": 0, "percent_statements_covered": 100.0, "percent_statements_covered_display": "100.0"}, "missing_lines": [], "excluded_lines": [], "start_line": 1}}, "classes": {"": {"executed_lines": [], "summary": {"covered_lines": 0, "num_statements": 0, "percent_covered": 100.0, "percent_covered_display": "100.0", "missing_lines": 0, "excluded_lines": 0, "percent_statements_covered": 100.0, "percent_statements_covered_display": "100.0"}, "missing_lines": [], "excluded_lines": [], "start_line": 1}}}, "accounting/management/commands/init_accounts.py": {"executed_lines": [], "summary": {"covered_lines": 0, "num_statements": 21, "percent_covered": 0.0, "percent_covered_display": "0.0", "missing_lines": 21, "excluded_lines": 0, "percent_statements_covered": 0.0, "percent_statements_covered_display": "0.0"}, "missing_lines": [1, 2, 3, 6, 7, 9, 10, 13, 15, 16, 20, 21, 23, 26, 53, 54, 55, 65, 66, 68, 70], "excluded_lines": [], "functions": {"Command.handle": {"executed_lines": [], "summary": {"covered_lines": 0, "num_statements": 15, "percent_covered": 0.0, "percent_covered_display": "0.0", "missing_lines": 15, "excluded_lines": 0, "percent_statements_covered": 0.0, "percent_statements_covered_display": "0.0"}, "missing_lines": [10, 13, 15, 16, 20, 21, 23, 26, 53, 54, 55, 65, 66, 68, 70], "excluded_lines": [], "start_line": 9}, "": {"executed_lines": [], "summary": {"covered_lines": 0, "num_statements": 6, "percent_covered": 0.0, "percent_covered_display": "0.0", "missing_lines": 6, "excluded_lines": 0, "percent_statements_covered": 0.0, "percent_statements_covered_display": "0.0"}, "missing_lines": [1, 2, 3, 6, 7, 9], "excluded_lines": [], "start_line": 1}}, "classes": {"Command": {"executed_lines": [], "summary": {"covered_lines": 0, "num_statements": 15, "percent_covered": 0.0, "percent_covered_display": "0.0", "missing_lines": 15, "excluded_lines": 0, "percent_statements_covered": 0.0, "percent_statements_covered_display": "0.0"}, "missing_lines": [10, 13, 15, 16, 20, 21, 23, 26, 53, 54, 55, 65, 66, 68, 70], "excluded_lines": [], "start_line": 6}, "": {"executed_lines": [], "summary": {"covered_lines": 0, "num_statements": 6, "percent_covered": 0.0, "percent_covered_display": "0.0", "missing_lines": 6, "excluded_lines": 0, "percent_statements_covered": 0.0, "percent_statements_covered_display": "0.0"}, "missing_lines": [1, 2, 3, 6, 7, 9], "excluded_lines": [], "start_line": 1}}}, "accounting/management/commands/validate_accounting.py": {"executed_lines": [], "summary": {"covered_lines": 0, "num_statements": 58, "percent_covered": 0.0, "percent_covered_display": "0.0", "missing_lines": 58, "excluded_lines": 0, "percent_statements_covered": 0.0, "percent_statements_covered_display": "0.0"}, "missing_lines": [4, 5, 6, 7, 10, 11, 13, 14, 15, 16, 19, 20, 21, 22, 24, 25, 26, 27, 29, 30, 32, 33, 41, 42, 43, 44, 45, 46, 48, 49, 50, 51, 58, 59, 60, 61, 62, 68, 69, 70, 72, 73, 77, 81, 82, 83, 84, 86, 88, 89, 90, 92, 94, 95, 96, 98, 99, 100], "excluded_lines": [], "functions": {"Command.handle": {"executed_lines": [], "summary": {"covered_lines": 0, "num_statements": 51, "percent_covered": 0.0, "percent_covered_display": "0.0", "missing_lines": 51, "excluded_lines": 0, "percent_statements_covered": 0.0, "percent_statements_covered_display": "0.0"}, "missing_lines": [14, 15, 16, 19, 20, 21, 22, 24, 25, 26, 27, 29, 30, 32, 33, 41, 42, 43, 44, 45, 46, 48, 49, 50, 51, 58, 59, 60, 61, 62, 68, 69, 70, 72, 73, 77, 81, 82, 83, 84, 86, 88, 89, 90, 92, 94, 95, 96, 98, 99, 100], "excluded_lines": [], "start_line": 13}, "": {"executed_lines": [], "summary": {"covered_lines": 0, "num_statements": 7, "percent_covered": 0.0, "percent_covered_display": "0.0", "missing_lines": 7, "excluded_lines": 0, "percent_statements_covered": 0.0, "percent_statements_covered_display": "0.0"}, "missing_lines": [4, 5, 6, 7, 10, 11, 13], "excluded_lines": [], "start_line": 1}}, "classes": {"Command": {"executed_lines": [], "summary": {"covered_lines": 0, "num_statements": 51, "percent_covered": 0.0, "percent_covered_display": "0.0", "missing_lines": 51, "excluded_lines": 0, "percent_statements_covered": 0.0, "percent_statements_covered_display": "0.0"}, "missing_lines": [14, 15, 16, 19, 20, 21, 22, 24, 25, 26, 27, 29, 30, 32, 33, 41, 42, 43, 44, 45, 46, 48, 49, 50, 51, 58, 59, 60, 61, 62, 68, 69, 70, 72, 73, 77, 81, 82, 83, 84, 86, 88, 89, 90, 92, 94, 95, 96, 98, 99, 100], "excluded_lines": [], "start_line": 10}, "": {"executed_lines": [], "summary": {"covered_lines": 0, "num_statements": 7, "percent_covered": 0.0, "percent_covered_display": "0.0", "missing_lines": 7, "excluded_lines": 0, "percent_statements_covered": 0.0, "percent_statements_covered_display": "0.0"}, "missing_lines": [4, 5, 6, 7, 10, 11, 13], "excluded_lines": [], "start_line": 1}}}, "accounting/models.py": {"executed_lines": [1, 2, 3, 4, 7, 9, 17, 18, 19, 24, 26, 27, 29, 32, 34, 39, 42, 44, 45, 46, 51, 59, 60, 65, 71, 72, 73, 75, 76, 77, 83, 86, 87, 91, 93, 94, 99, 104, 105, 107, 109, 112, 114, 119, 120, 121, 126, 127, 132, 133, 134, 139, 140, 146, 148, 149, 150, 151, 157, 160, 161, 162, 163, 164, 166, 167, 169, 177, 179, 180, 181, 182, 183, 184, 185, 186, 192, 194, 195, 196, 201, 204, 205, 206, 207, 208, 210], "summary": {"covered_lines": 87, "num_statements": 103, "percent_covered": 84.46601941747574, "percent_covered_display": "84.5", "missing_lines": 16, "excluded_lines": 0, "percent_statements_covered": 84.46601941747574, "percent_statements_covered_display": "84.5"}, "missing_lines": [30, 35, 36, 38, 84, 89, 158, 170, 171, 173, 174, 202, 212, 213, 214, 215], "excluded_lines": [], "functions": {"AccountType.__str__": {"executed_lines": [], "summary": {"covered_lines": 0, "num_statements": 1, "percent_covered": 0.0, "percent_covered_display": "0.0", "missing_lines": 1, "excluded_lines": 0, "percent_statements_covered": 0.0, "percent_statements_covered_display": "0.0"}, "missing_lines": [30], "excluded_lines": [], "start_line": 29}, "AccountType.save": {"executed_lines": [34, 39], "summary": {"covered_lines": 2, "num_statements": 5, "percent_covered": 40.0, "percent_covered_display": "40.0", "missing_lines": 3, "excluded_lines": 0, "percent_statements_covered": 40.0, "percent_statements_covered_display": "40.0"}, "missing_lines": [35, 36, 38], "excluded_lines": [], "start_line": 32}, "Account.__str__": {"executed_lines": [], "summary": {"covered_lines": 0, "num_statements": 1, "percent_covered": 0.0, "percent_covered_display": "0.0", "missing_lines": 1, "excluded_lines": 0, "percent_statements_covered": 0.0, "percent_statements_covered_display": "0.0"}, "missing_lines": [84], "excluded_lines": [], "start_line": 83}, "Account.balance": {"executed_lines": [], "summary": {"covered_lines": 0, "num_statements": 1, "percent_covered": 0.0, "percent_covered_display": "0.0", "missing_lines": 1, "excluded_lines": 0, "percent_statements_covered": 0.0, "percent_statements_covered_display": "0.0"}, "missing_lines": [89], "excluded_lines": [], "start_line": 87}, "Account.update_balance": {"executed_lines": [93, 94, 99, 104, 105, 107, 109], "summary": {"covered_lines": 7, "num_statements": 7, "percent_covered": 100.0, "percent_covered_display": "100.0", "missing_lines": 0, "excluded_lines": 0, "percent_statements_covered": 100.0, "percent_statements_covered_display": "100.0"}, "missing_lines": [], "excluded_lines": [], "start_line": 91}, "JournalEntry.__str__": {"executed_lines": [], "summary": {"covered_lines": 0, "num_statements": 1, "percent_covered": 0.0, "percent_covered_display": "0.0", "missing_lines": 1, "excluded_lines": 0, "percent_statements_covered": 0.0, "percent_statements_covered_display": "0.0"}, "missing_lines": [158], "excluded_lines": [], "start_line": 157}, "JournalEntry.save": {"executed_lines": [161, 162, 163, 164, 166, 167], "summary": {"covered_lines": 6, "num_statements": 6, "percent_covered": 100.0, "percent_covered_display": "100.0", "missing_lines": 0, "excluded_lines": 0, "percent_statements_covered": 100.0, "percent_statements_covered_display": "100.0"}, "missing_lines": [], "excluded_lines": [], "start_line": 160}, "JournalEntry.delete": {"executed_lines": [], "summary": {"covered_lines": 0, "num_statements": 4, "percent_covered": 0.0, "percent_covered_display": "0.0", "missing_lines": 4, "excluded_lines": 0, "percent_statements_covered": 0.0, "percent_statements_covered_display": "0.0"}, "missing_lines": [170, 171, 173, 174], "excluded_lines": [], "start_line": 169}, "Transaction.__str__": {"executed_lines": [], "summary": {"covered_lines": 0, "num_statements": 1, "percent_covered": 0.0, "percent_covered_display": "0.0", "missing_lines": 1, "excluded_lines": 0, "percent_statements_covered": 0.0, "percent_statements_covered_display": "0.0"}, "missing_lines": [202], "excluded_lines": [], "start_line": 201}, "Transaction.save": {"executed_lines": [205, 206, 207, 208], "summary": {"covered_lines": 4, "num_statements": 4, "percent_covered": 100.0, "percent_covered_display": "100.0", "missing_lines": 0, "excluded_lines": 0, "percent_statements_covered": 100.0, "percent_statements_covered_display": "100.0"}, "missing_lines": [], "excluded_lines": [], "start_line": 204}, "Transaction.validate_balance": {"executed_lines": [], "summary": {"covered_lines": 0, "num_statements": 4, "percent_covered": 0.0, "percent_covered_display": "0.0", "missing_lines": 4, "excluded_lines": 0, "percent_statements_covered": 0.0, "percent_statements_covered_display": "0.0"}, "missing_lines": [212, 213, 214, 215], "excluded_lines": [], "start_line": 210}, "": {"executed_lines": [1, 2, 3, 4, 7, 9, 17, 18, 19, 24, 26, 27, 29, 32, 42, 44, 45, 46, 51, 59, 60, 65, 71, 72, 73, 75, 76, 77, 83, 86, 87, 91, 112, 114, 119, 120, 121, 126, 127, 132, 133, 134, 139, 140, 146, 148, 149, 150, 151, 157, 160, 169, 177, 179, 180, 181, 182, 183, 184, 185, 186, 192, 194, 195, 196, 201, 204, 210], "summary": {"covered_lines": 68, "num_statements": 68, "percent_covered": 100.0, "percent_covered_display": "100.0", "missing_lines": 0, "excluded_lines": 0, "percent_statements_covered": 100.0, "percent_statements_covered_display": "100.0"}, "missing_lines": [], "excluded_lines": [], "start_line": 1}}, "classes": {"AccountType": {"executed_lines": [34, 39], "summary": {"covered_lines": 2, "num_statements": 6, "percent_covered": 33.333333333333336, "percent_covered_display": "33.3", "missing_lines": 4, "excluded_lines": 0, "percent_statements_covered": 33.333333333333336, "percent_statements_covered_display": "33.3"}, "missing_lines": [30, 35, 36, 38], "excluded_lines": [], "start_line": 7}, "AccountType.Meta": {"executed_lines": [], "summary": {"covered_lines": 0, "num_statements": 0, "percent_covered": 100.0, "percent_covered_display": "100.0", "missing_lines": 0, "excluded_lines": 0, "percent_statements_covered": 100.0, "percent_statements_covered_display": "100.0"}, "missing_lines": [], "excluded_lines": [], "start_line": 26}, "Account": {"executed_lines": [93, 94, 99, 104, 105, 107, 109], "summary": {"covered_lines": 7, "num_statements": 9, "percent_covered": 77.77777777777777, "percent_covered_display": "77.8", "missing_lines": 2, "excluded_lines": 0, "percent_statements_covered": 77.77777777777777, "percent_statements_covered_display": "77.8"}, "missing_lines": [84, 89], "excluded_lines": [], "start_line": 42}, "Account.Meta": {"executed_lines": [], "summary": {"covered_lines": 0, "num_statements": 0, "percent_covered": 100.0, "percent_covered_display": "100.0", "missing_lines": 0, "excluded_lines": 0, "percent_statements_covered": 100.0, "percent_statements_covered_display": "100.0"}, "missing_lines": [], "excluded_lines": [], "start_line": 75}, "JournalEntry": {"executed_lines": [161, 162, 163, 164, 166, 167], "summary": {"covered_lines": 6, "num_statements": 11, "percent_covered": 54.54545454545455, "percent_covered_display": "54.5", "missing_lines": 5, "excluded_lines": 0, "percent_statements_covered": 54.54545454545455, "percent_statements_covered_display": "54.5"}, "missing_lines": [158, 170, 171, 173, 174], "excluded_lines": [], "start_line": 112}, "JournalEntry.Meta": {"executed_lines": [], "summary": {"covered_lines": 0, "num_statements": 0, "percent_covered": 100.0, "percent_covered_display": "100.0", "missing_lines": 0, "excluded_lines": 0, "percent_statements_covered": 100.0, "percent_statements_covered_display": "100.0"}, "missing_lines": [], "excluded_lines": [], "start_line": 148}, "Transaction": {"executed_lines": [205, 206, 207, 208], "summary": {"covered_lines": 4, "num_statements": 9, "percent_covered": 44.44444444444444, "percent_covered_display": "44.4", "missing_lines": 5, "excluded_lines": 0, "percent_statements_covered": 44.44444444444444, "percent_statements_covered_display": "44.4"}, "missing_lines": [202, 212, 213, 214, 215], "excluded_lines": [], "start_line": 177}, "Transaction.Meta": {"executed_lines": [], "summary": {"covered_lines": 0, "num_statements": 0, "percent_covered": 100.0, "percent_covered_display": "100.0", "missing_lines": 0, "excluded_lines": 0, "percent_statements_covered": 100.0, "percent_statements_covered_display": "100.0"}, "missing_lines": [], "excluded_lines": [], "start_line": 194}, "": {"executed_lines": [1, 2, 3, 4, 7, 9, 17, 18, 19, 24, 26, 27, 29, 32, 42, 44, 45, 46, 51, 59, 60, 65, 71, 72, 73, 75, 76, 77, 83, 86, 87, 91, 112, 114, 119, 120, 121, 126, 127, 132, 133, 134, 139, 140, 146, 148, 149, 150, 151, 157, 160, 169, 177, 179, 180, 181, 182, 183, 184, 185, 186, 192, 194, 195, 196, 201, 204, 210], "summary": {"covered_lines": 68, "num_statements": 68, "percent_covered": 100.0, "percent_covered_display": "100.0", "missing_lines": 0, "excluded_lines": 0, "percent_statements_covered": 100.0, "percent_statements_covered_display": "100.0"}, "missing_lines": [], "excluded_lines": [], "start_line": 1}}}, "accounting/serializers.py": {"executed_lines": [1, 2, 5, 6, 8, 9, 10, 16, 17, 18, 19, 21, 22, 23, 29, 32, 34, 36, 37, 38, 44, 45, 46, 47, 49, 50, 51, 56, 59, 60, 61, 62, 64, 65, 66, 71, 73, 77, 79, 80, 81, 82, 83, 84, 85, 88, 90, 91, 92, 93, 94, 95, 96, 99, 101, 102, 103, 104], "summary": {"covered_lines": 58, "num_statements": 59, "percent_covered": 98.30508474576271, "percent_covered_display": "98.3", "missing_lines": 1, "excluded_lines": 0, "percent_statements_covered": 98.30508474576271, "percent_statements_covered_display": "98.3"}, "missing_lines": [74], "excluded_lines": [], "functions": {"TransactionSerializer.get_is_balanced": {"executed_lines": [], "summary": {"covered_lines": 0, "num_statements": 1, "percent_covered": 0.0, "percent_covered_display": "0.0", "missing_lines": 1, "excluded_lines": 0, "percent_statements_covered": 0.0, "percent_statements_covered_display": "0.0"}, "missing_lines": [74], "excluded_lines": [], "start_line": 73}, "": {"executed_lines": [1, 2, 5, 6, 8, 9, 10, 16, 17, 18, 19, 21, 22, 23, 29, 32, 34, 36, 37, 38, 44, 45, 46, 47, 49, 50, 51, 56, 59, 60, 61, 62, 64, 65, 66, 71, 73, 77, 79, 80, 81, 82, 83, 84, 85, 88, 90, 91, 92, 93, 94, 95, 96, 99, 101, 102, 103, 104], "summary": {"covered_lines": 58, "num_statements": 58, "percent_covered": 100.0, "percent_covered_display": "100.0", "missing_lines": 0, "excluded_lines": 0, "percent_statements_covered": 100.0, "percent_statements_covered_display": "100.0"}, "missing_lines": [], "excluded_lines": [], "start_line": 1}}, "classes": {"AccountTypeSerializer": {"executed_lines": [], "summary": {"covered_lines": 0, "num_statements": 0, "percent_covered": 100.0, "percent_covered_display": "100.0", "missing_lines": 0, "excluded_lines": 0, "percent_statements_covered": 100.0, "percent_statements_covered_display": "100.0"}, "missing_lines": [], "excluded_lines": [], "start_line": 5}, "AccountTypeSerializer.Meta": {"executed_lines": [], "summary": {"covered_lines": 0, "num_statements": 0, "percent_covered": 100.0, "percent_covered_display": "100.0", "missing_lines": 0, "excluded_lines": 0, "percent_statements_covered": 100.0, "percent_statements_covered_display": "100.0"}, "missing_lines": [], "excluded_lines": [], "start_line": 8}, "AccountSerializer": {"executed_lines": [], "summary": {"covered_lines": 0, "num_statements": 0, "percent_covered": 100.0, "percent_covered_display": "100.0", "missing_lines": 0, "excluded_lines": 0, "percent_statements_covered": 100.0, "percent_statements_covered_display": "100.0"}, "missing_lines": [], "excluded_lines": [], "start_line": 16}, "AccountSerializer.Meta": {"executed_lines": [], "summary": {"covered_lines": 0, "num_statements": 0, "percent_covered": 100.0, "percent_covered_display": "100.0", "missing_lines": 0, "excluded_lines": 0, "percent_statements_covered": 100.0, "percent_statements_covered_display": "100.0"}, "missing_lines": [], "excluded_lines": [], "start_line": 21}, "AccountListSerializer": {"executed_lines": [], "summary": {"covered_lines": 0, "num_statements": 0, "percent_covered": 100.0, "percent_covered_display": "100.0", "missing_lines": 0, "excluded_lines": 0, "percent_statements_covered": 100.0, "percent_statements_covered_display": "100.0"}, "missing_lines": [], "excluded_lines": [], "start_line": 32}, "AccountListSerializer.Meta": {"executed_lines": [], "summary": {"covered_lines": 0, "num_statements": 0, "percent_covered": 100.0, "percent_covered_display": "100.0", "missing_lines": 0, "excluded_lines": 0, "percent_statements_covered": 100.0, "percent_statements_covered_display": "100.0"}, "missing_lines": [], "excluded_lines": [], "start_line": 36}, "JournalEntrySerializer": {"executed_lines": [], "summary": {"covered_lines": 0, "num_statements": 0, "percent_covered": 100.0, "percent_covered_display": "100.0", "missing_lines": 0, "excluded_lines": 0, "percent_statements_covered": 100.0, "percent_statements_covered_display": "100.0"}, "missing_lines": [], "excluded_lines": [], "start_line": 44}, "JournalEntrySerializer.Meta": {"executed_lines": [], "summary": {"covered_lines": 0, "num_statements": 0, "percent_covered": 100.0, "percent_covered_display": "100.0", "missing_lines": 0, "excluded_lines": 0, "percent_statements_covered": 100.0, "percent_statements_covered_display": "100.0"}, "missing_lines": [], "excluded_lines": [], "start_line": 49}, "TransactionSerializer": {"executed_lines": [], "summary": {"covered_lines": 0, "num_statements": 1, "percent_covered": 0.0, "percent_covered_display": "0.0", "missing_lines": 1, "excluded_lines": 0, "percent_statements_covered": 0.0, "percent_statements_covered_display": "0.0"}, "missing_lines": [74], "excluded_lines": [], "start_line": 59}, "TransactionSerializer.Meta": {"executed_lines": [], "summary": {"covered_lines": 0, "num_statements": 0, "percent_covered": 100.0, "percent_covered_display": "100.0", "missing_lines": 0, "excluded_lines": 0, "percent_statements_covered": 100.0, "percent_statements_covered_display": "100.0"}, "missing_lines": [], "excluded_lines": [], "start_line": 64}, "BalanceSheetSerializer": {"executed_lines": [], "summary": {"covered_lines": 0, "num_statements": 0, "percent_covered": 100.0, "percent_covered_display": "100.0", "missing_lines": 0, "excluded_lines": 0, "percent_statements_covered": 100.0, "percent_statements_covered_display": "100.0"}, "missing_lines": [], "excluded_lines": [], "start_line": 77}, "IncomeStatementSerializer": {"executed_lines": [], "summary": {"covered_lines": 0, "num_statements": 0, "percent_covered": 100.0, "percent_covered_display": "100.0", "missing_lines": 0, "excluded_lines": 0, "percent_statements_covered": 100.0, "percent_statements_covered_display": "100.0"}, "missing_lines": [], "excluded_lines": [], "start_line": 88}, "TrialBalanceSerializer": {"executed_lines": [], "summary": {"covered_lines": 0, "num_statements": 0, "percent_covered": 100.0, "percent_covered_display": "100.0", "missing_lines": 0, "excluded_lines": 0, "percent_statements_covered": 100.0, "percent_statements_covered_display": "100.0"}, "missing_lines": [], "excluded_lines": [], "start_line": 99}, "": {"executed_lines": [1, 2, 5, 6, 8, 9, 10, 16, 17, 18, 19, 21, 22, 23, 29, 32, 34, 36, 37, 38, 44, 45, 46, 47, 49, 50, 51, 56, 59, 60, 61, 62, 64, 65, 66, 71, 73, 77, 79, 80, 81, 82, 83, 84, 85, 88, 90, 91, 92, 93, 94, 95, 96, 99, 101, 102, 103, 104], "summary": {"covered_lines": 58, "num_statements": 58, "percent_covered": 100.0, "percent_covered_display": "100.0", "missing_lines": 0, "excluded_lines": 0, "percent_statements_covered": 100.0, "percent_statements_covered_display": "100.0"}, "missing_lines": [], "excluded_lines": [], "start_line": 1}}}, "accounting/services.py": {"executed_lines": [4, 5, 6, 7, 8, 9, 10, 11, 12, 15, 18, 21, 26, 29, 32, 61, 67, 70, 73, 114, 117, 120, 149, 152, 165, 166, 177, 193, 203, 216, 228, 229, 232, 235, 248, 249, 260, 276, 286, 299, 311, 312, 315], "summary": {"covered_lines": 43, "num_statements": 163, "percent_covered": 26.380368098159508, "percent_covered_display": "26.4", "missing_lines": 120, "excluded_lines": 0, "percent_statements_covered": 26.380368098159508, "percent_statements_covered_display": "26.4"}, "missing_lines": [19, 23, 30, 44, 46, 47, 49, 50, 51, 53, 54, 55, 56, 57, 59, 63, 64, 71, 87, 89, 90, 92, 93, 94, 95, 96, 97, 99, 100, 101, 103, 104, 105, 107, 108, 109, 111, 118, 132, 134, 135, 137, 138, 139, 141, 142, 143, 145, 179, 190, 262, 273, 322, 334, 346, 359, 372, 381, 384, 385, 386, 390, 391, 392, 393, 394, 397, 406, 408, 409, 411, 412, 413, 414, 415, 420, 421, 424, 434, 435, 439, 441, 443, 444, 445, 448, 449, 452, 455, 458, 460, 464, 465, 467, 468, 471, 472, 473, 474, 477, 480, 481, 485, 486, 493, 494, 505, 510, 511, 522, 525, 526, 537, 540, 551, 553, 556, 567, 569, 570], "excluded_lines": [], "functions": {"AccountTypeService.__init__": {"executed_lines": [], "summary": {"covered_lines": 0, "num_statements": 1, "percent_covered": 0.0, "percent_covered_display": "0.0", "missing_lines": 1, "excluded_lines": 0, "percent_statements_covered": 0.0, "percent_statements_covered_display": "0.0"}, "missing_lines": [19], "excluded_lines": [], "start_line": 18}, "AccountTypeService.build_queryset": {"executed_lines": [], "summary": {"covered_lines": 0, "num_statements": 1, "percent_covered": 0.0, "percent_covered_display": "0.0", "missing_lines": 1, "excluded_lines": 0, "percent_statements_covered": 0.0, "percent_statements_covered_display": "0.0"}, "missing_lines": [23], "excluded_lines": [], "start_line": 21}, "AccountService.__init__": {"executed_lines": [], "summary": {"covered_lines": 0, "num_statements": 1, "percent_covered": 0.0, "percent_covered_display": "0.0", "missing_lines": 1, "excluded_lines": 0, "percent_statements_covered": 0.0, "percent_statements_covered_display": "0.0"}, "missing_lines": [30], "excluded_lines": [], "start_line": 29}, "AccountService.build_queryset": {"executed_lines": [], "summary": {"covered_lines": 0, "num_statements": 12, "percent_covered": 0.0, "percent_covered_display": "0.0", "missing_lines": 12, "excluded_lines": 0, "percent_statements_covered": 0.0, "percent_statements_covered_display": "0.0"}, "missing_lines": [44, 46, 47, 49, 50, 51, 53, 54, 55, 56, 57, 59], "excluded_lines": [], "start_line": 32}, "AccountService.update_balance": {"executed_lines": [], "summary": {"covered_lines": 0, "num_statements": 2, "percent_covered": 0.0, "percent_covered_display": "0.0", "missing_lines": 2, "excluded_lines": 0, "percent_statements_covered": 0.0, "percent_statements_covered_display": "0.0"}, "missing_lines": [63, 64], "excluded_lines": [], "start_line": 61}, "JournalEntryService.__init__": {"executed_lines": [], "summary": {"covered_lines": 0, "num_statements": 1, "percent_covered": 0.0, "percent_covered_display": "0.0", "missing_lines": 1, "excluded_lines": 0, "percent_statements_covered": 0.0, "percent_statements_covered_display": "0.0"}, "missing_lines": [71], "excluded_lines": [], "start_line": 70}, "JournalEntryService.build_queryset": {"executed_lines": [], "summary": {"covered_lines": 0, "num_statements": 19, "percent_covered": 0.0, "percent_covered_display": "0.0", "missing_lines": 19, "excluded_lines": 0, "percent_statements_covered": 0.0, "percent_statements_covered_display": "0.0"}, "missing_lines": [87, 89, 90, 92, 93, 94, 95, 96, 97, 99, 100, 101, 103, 104, 105, 107, 108, 109, 111], "excluded_lines": [], "start_line": 73}, "TransactionService.__init__": {"executed_lines": [], "summary": {"covered_lines": 0, "num_statements": 1, "percent_covered": 0.0, "percent_covered_display": "0.0", "missing_lines": 1, "excluded_lines": 0, "percent_statements_covered": 0.0, "percent_statements_covered_display": "0.0"}, "missing_lines": [118], "excluded_lines": [], "start_line": 117}, "TransactionService.build_queryset": {"executed_lines": [], "summary": {"covered_lines": 0, "num_statements": 10, "percent_covered": 0.0, "percent_covered_display": "0.0", "missing_lines": 10, "excluded_lines": 0, "percent_statements_covered": 0.0, "percent_statements_covered_display": "0.0"}, "missing_lines": [132, 134, 135, 137, 138, 139, 141, 142, 143, 145], "excluded_lines": [], "start_line": 120}, "create_expense_journal_entry": {"executed_lines": [152, 165, 166, 177, 193, 203, 216, 228, 229], "summary": {"covered_lines": 9, "num_statements": 11, "percent_covered": 81.81818181818181, "percent_covered_display": "81.8", "missing_lines": 2, "excluded_lines": 0, "percent_statements_covered": 81.81818181818181, "percent_statements_covered_display": "81.8"}, "missing_lines": [179, 190], "excluded_lines": [], "start_line": 149}, "create_income_journal_entry": {"executed_lines": [235, 248, 249, 260, 276, 286, 299, 311, 312], "summary": {"covered_lines": 9, "num_statements": 11, "percent_covered": 81.81818181818181, "percent_covered_display": "81.8", "missing_lines": 2, "excluded_lines": 0, "percent_statements_covered": 81.81818181818181, "percent_statements_covered_display": "81.8"}, "missing_lines": [262, 273], "excluded_lines": [], "start_line": 232}, "create_sale_journal_entry": {"executed_lines": [], "summary": {"covered_lines": 0, "num_statements": 68, "percent_covered": 0.0, "percent_covered_display": "0.0", "missing_lines": 68, "excluded_lines": 0, "percent_statements_covered": 0.0, "percent_statements_covered_display": "0.0"}, "missing_lines": [322, 334, 346, 359, 372, 381, 384, 385, 386, 390, 391, 392, 393, 394, 397, 406, 408, 409, 411, 412, 413, 414, 415, 420, 421, 424, 434, 435, 439, 441, 443, 444, 445, 448, 449, 452, 455, 458, 460, 464, 465, 467, 468, 471, 472, 473, 474, 477, 480, 481, 485, 486, 493, 494, 505, 510, 511, 522, 525, 526, 537, 540, 551, 553, 556, 567, 569, 570], "excluded_lines": [], "start_line": 315}, "": {"executed_lines": [4, 5, 6, 7, 8, 9, 10, 11, 12, 15, 18, 21, 26, 29, 32, 61, 67, 70, 73, 114, 117, 120, 149, 232, 315], "summary": {"covered_lines": 25, "num_statements": 25, "percent_covered": 100.0, "percent_covered_display": "100.0", "missing_lines": 0, "excluded_lines": 0, "percent_statements_covered": 100.0, "percent_statements_covered_display": "100.0"}, "missing_lines": [], "excluded_lines": [], "start_line": 1}}, "classes": {"AccountTypeService": {"executed_lines": [], "summary": {"covered_lines": 0, "num_statements": 2, "percent_covered": 0.0, "percent_covered_display": "0.0", "missing_lines": 2, "excluded_lines": 0, "percent_statements_covered": 0.0, "percent_statements_covered_display": "0.0"}, "missing_lines": [19, 23], "excluded_lines": [], "start_line": 15}, "AccountService": {"executed_lines": [], "summary": {"covered_lines": 0, "num_statements": 15, "percent_covered": 0.0, "percent_covered_display": "0.0", "missing_lines": 15, "excluded_lines": 0, "percent_statements_covered": 0.0, "percent_statements_covered_display": "0.0"}, "missing_lines": [30, 44, 46, 47, 49, 50, 51, 53, 54, 55, 56, 57, 59, 63, 64], "excluded_lines": [], "start_line": 26}, "JournalEntryService": {"executed_lines": [], "summary": {"covered_lines": 0, "num_statements": 20, "percent_covered": 0.0, "percent_covered_display": "0.0", "missing_lines": 20, "excluded_lines": 0, "percent_statements_covered": 0.0, "percent_statements_covered_display": "0.0"}, "missing_lines": [71, 87, 89, 90, 92, 93, 94, 95, 96, 97, 99, 100, 101, 103, 104, 105, 107, 108, 109, 111], "excluded_lines": [], "start_line": 67}, "TransactionService": {"executed_lines": [], "summary": {"covered_lines": 0, "num_statements": 11, "percent_covered": 0.0, "percent_covered_display": "0.0", "missing_lines": 11, "excluded_lines": 0, "percent_statements_covered": 0.0, "percent_statements_covered_display": "0.0"}, "missing_lines": [118, 132, 134, 135, 137, 138, 139, 141, 142, 143, 145], "excluded_lines": [], "start_line": 114}, "": {"executed_lines": [4, 5, 6, 7, 8, 9, 10, 11, 12, 15, 18, 21, 26, 29, 32, 61, 67, 70, 73, 114, 117, 120, 149, 152, 165, 166, 177, 193, 203, 216, 228, 229, 232, 235, 248, 249, 260, 276, 286, 299, 311, 312, 315], "summary": {"covered_lines": 43, "num_statements": 115, "percent_covered": 37.391304347826086, "percent_covered_display": "37.4", "missing_lines": 72, "excluded_lines": 0, "percent_statements_covered": 37.391304347826086, "percent_statements_covered_display": "37.4"}, "missing_lines": [179, 190, 262, 273, 322, 334, 346, 359, 372, 381, 384, 385, 386, 390, 391, 392, 393, 394, 397, 406, 408, 409, 411, 412, 413, 414, 415, 420, 421, 424, 434, 435, 439, 441, 443, 444, 445, 448, 449, 452, 455, 458, 460, 464, 465, 467, 468, 471, 472, 473, 474, 477, 480, 481, 485, 486, 493, 494, 505, 510, 511, 522, 525, 526, 537, 540, 551, 553, 556, 567, 569, 570], "excluded_lines": [], "start_line": 1}}}, "accounting/urls.py": {"executed_lines": [1, 2, 3, 8, 9, 10, 11, 12, 13, 15], "summary": {"covered_lines": 10, "num_statements": 10, "percent_covered": 100.0, "percent_covered_display": "100.0", "missing_lines": 0, "excluded_lines": 0, "percent_statements_covered": 100.0, "percent_statements_covered_display": "100.0"}, "missing_lines": [], "excluded_lines": [], "functions": {"": {"executed_lines": [1, 2, 3, 8, 9, 10, 11, 12, 13, 15], "summary": {"covered_lines": 10, "num_statements": 10, "percent_covered": 100.0, "percent_covered_display": "100.0", "missing_lines": 0, "excluded_lines": 0, "percent_statements_covered": 100.0, "percent_statements_covered_display": "100.0"}, "missing_lines": [], "excluded_lines": [], "start_line": 1}}, "classes": {"": {"executed_lines": [1, 2, 3, 8, 9, 10, 11, 12, 13, 15], "summary": {"covered_lines": 10, "num_statements": 10, "percent_covered": 100.0, "percent_covered_display": "100.0", "missing_lines": 0, "excluded_lines": 0, "percent_statements_covered": 100.0, "percent_statements_covered_display": "100.0"}, "missing_lines": [], "excluded_lines": [], "start_line": 1}}}, "accounting/views.py": {"executed_lines": [1, 2, 3, 4, 5, 6, 7, 8, 9, 10, 11, 12, 13, 18, 19, 20, 21, 22, 25, 45, 51, 57, 63, 140, 230, 231, 232, 233, 234, 236, 240, 245, 246, 247, 248, 249, 251, 255, 267, 268, 276, 277, 278, 279, 281, 282, 284, 288, 300, 304, 305, 306, 307, 309, 310, 312, 316, 328, 332, 334, 336, 337, 468, 469, 553, 554, 617, 618, 684, 685, 765, 766], "summary": {"covered_lines": 72, "num_statements": 349, "percent_covered": 20.630372492836678, "percent_covered_display": "20.6", "missing_lines": 277, "excluded_lines": 0, "percent_statements_covered": 20.630372492836678, "percent_statements_covered_display": "20.6"}, "missing_lines": [47, 48, 53, 54, 59, 60, 71, 73, 76, 88, 101, 111, 124, 136, 137, 146, 149, 162, 163, 174, 177, 188, 191, 201, 214, 226, 227, 237, 238, 242, 252, 253, 257, 258, 261, 262, 263, 265, 270, 271, 272, 273, 285, 286, 290, 291, 294, 295, 296, 298, 301, 313, 314, 318, 319, 322, 323, 324, 326, 329, 339, 340, 341, 343, 346, 348, 349, 350, 351, 352, 353, 356, 357, 358, 360, 361, 365, 369, 370, 371, 375, 378, 379, 380, 382, 383, 387, 391, 392, 393, 397, 400, 401, 402, 404, 405, 409, 413, 414, 415, 419, 422, 423, 424, 427, 429, 430, 431, 434, 436, 439, 440, 444, 446, 456, 459, 460, 461, 462, 463, 464, 466, 471, 472, 474, 476, 477, 479, 481, 482, 484, 486, 491, 492, 493, 496, 497, 498, 500, 501, 505, 506, 510, 513, 514, 515, 517, 518, 522, 523, 527, 529, 531, 541, 544, 545, 546, 547, 548, 549, 551, 556, 557, 558, 560, 562, 564, 565, 566, 568, 569, 573, 577, 578, 579, 580, 582, 583, 584, 586, 587, 595, 596, 598, 605, 608, 609, 610, 611, 612, 613, 615, 620, 621, 622, 624, 625, 630, 631, 632, 633, 638, 640, 641, 642, 643, 645, 647, 648, 650, 651, 652, 653, 655, 657, 658, 660, 662, 672, 687, 688, 690, 692, 693, 695, 697, 698, 700, 702, 709, 710, 711, 715, 716, 719, 720, 721, 725, 726, 729, 732, 735, 738, 739, 740, 741, 742, 743, 744, 746, 768, 769, 770, 772, 773, 778, 779, 780, 781, 786, 788, 789, 790, 791, 793, 795, 796, 798, 799, 800, 801, 803, 805, 806, 808, 810, 820], "excluded_lines": [], "functions": {"create_expense_journal_entry": {"executed_lines": [], "summary": {"covered_lines": 0, "num_statements": 2, "percent_covered": 0.0, "percent_covered_display": "0.0", "missing_lines": 2, "excluded_lines": 0, "percent_statements_covered": 0.0, "percent_statements_covered_display": "0.0"}, "missing_lines": [47, 48], "excluded_lines": [], "start_line": 45}, "create_income_journal_entry": {"executed_lines": [], "summary": {"covered_lines": 0, "num_statements": 2, "percent_covered": 0.0, "percent_covered_display": "0.0", "missing_lines": 2, "excluded_lines": 0, "percent_statements_covered": 0.0, "percent_statements_covered_display": "0.0"}, "missing_lines": [53, 54], "excluded_lines": [], "start_line": 51}, "create_sale_journal_entry": {"executed_lines": [], "summary": {"covered_lines": 0, "num_statements": 2, "percent_covered": 0.0, "percent_covered_display": "0.0", "missing_lines": 2, "excluded_lines": 0, "percent_statements_covered": 0.0, "percent_statements_covered_display": "0.0"}, "missing_lines": [59, 60], "excluded_lines": [], "start_line": 57}, "create_invoice_journal_entry": {"executed_lines": [], "summary": {"covered_lines": 0, "num_statements": 9, "percent_covered": 0.0, "percent_covered_display": "0.0", "missing_lines": 9, "excluded_lines": 0, "percent_statements_covered": 0.0, "percent_statements_covered_display": "0.0"}, "missing_lines": [71, 73, 76, 88, 101, 111, 124, 136, 137], "excluded_lines": [], "start_line": 63}, "create_payment_journal_entry": {"executed_lines": [], "summary": {"covered_lines": 0, "num_statements": 12, "percent_covered": 0.0, "percent_covered_display": "0.0", "missing_lines": 12, "excluded_lines": 0, "percent_statements_covered": 0.0, "percent_statements_covered_display": "0.0"}, "missing_lines": [146, 149, 162, 163, 174, 177, 188, 191, 201, 214, 226, 227], "excluded_lines": [], "start_line": 140}, "AccountTypeViewSet.__init__": {"executed_lines": [], "summary": {"covered_lines": 0, "num_statements": 2, "percent_covered": 0.0, "percent_covered_display": "0.0", "missing_lines": 2, "excluded_lines": 0, "percent_statements_covered": 0.0, "percent_statements_covered_display": "0.0"}, "missing_lines": [237, 238], "excluded_lines": [], "start_line": 236}, "AccountTypeViewSet.get_queryset": {"executed_lines": [], "summary": {"covered_lines": 0, "num_statements": 1, "percent_covered": 0.0, "percent_covered_display": "0.0", "missing_lines": 1, "excluded_lines": 0, "percent_statements_covered": 0.0, "percent_statements_covered_display": "0.0"}, "missing_lines": [242], "excluded_lines": [], "start_line": 240}, "AccountViewSet.__init__": {"executed_lines": [], "summary": {"covered_lines": 0, "num_statements": 2, "percent_covered": 0.0, "percent_covered_display": "0.0", "missing_lines": 2, "excluded_lines": 0, "percent_statements_covered": 0.0, "percent_statements_covered_display": "0.0"}, "missing_lines": [252, 253], "excluded_lines": [], "start_line": 251}, "AccountViewSet.get_queryset": {"executed_lines": [], "summary": {"covered_lines": 0, "num_statements": 6, "percent_covered": 0.0, "percent_covered_display": "0.0", "missing_lines": 6, "excluded_lines": 0, "percent_statements_covered": 0.0, "percent_statements_covered_display": "0.0"}, "missing_lines": [257, 258, 261, 262, 263, 265], "excluded_lines": [], "start_line": 255}, "AccountViewSet.update_balance": {"executed_lines": [], "summary": {"covered_lines": 0, "num_statements": 4, "percent_covered": 0.0, "percent_covered_display": "0.0", "missing_lines": 4, "excluded_lines": 0, "percent_statements_covered": 0.0, "percent_statements_covered_display": "0.0"}, "missing_lines": [270, 271, 272, 273], "excluded_lines": [], "start_line": 268}, "JournalEntryViewSet.__init__": {"executed_lines": [], "summary": {"covered_lines": 0, "num_statements": 2, "percent_covered": 0.0, "percent_covered_display": "0.0", "missing_lines": 2, "excluded_lines": 0, "percent_statements_covered": 0.0, "percent_statements_covered_display": "0.0"}, "missing_lines": [285, 286], "excluded_lines": [], "start_line": 284}, "JournalEntryViewSet.get_queryset": {"executed_lines": [], "summary": {"covered_lines": 0, "num_statements": 6, "percent_covered": 0.0, "percent_covered_display": "0.0", "missing_lines": 6, "excluded_lines": 0, "percent_statements_covered": 0.0, "percent_statements_covered_display": "0.0"}, "missing_lines": [290, 291, 294, 295, 296, 298], "excluded_lines": [], "start_line": 288}, "JournalEntryViewSet.perform_create": {"executed_lines": [], "summary": {"covered_lines": 0, "num_statements": 1, "percent_covered": 0.0, "percent_covered_display": "0.0", "missing_lines": 1, "excluded_lines": 0, "percent_statements_covered": 0.0, "percent_statements_covered_display": "0.0"}, "missing_lines": [301], "excluded_lines": [], "start_line": 300}, "TransactionViewSet.__init__": {"executed_lines": [], "summary": {"covered_lines": 0, "num_statements": 2, "percent_covered": 0.0, "percent_covered_display": "0.0", "missing_lines": 2, "excluded_lines": 0, "percent_statements_covered": 0.0, "percent_statements_covered_display": "0.0"}, "missing_lines": [313, 314], "excluded_lines": [], "start_line": 312}, "TransactionViewSet.get_queryset": {"executed_lines": [], "summary": {"covered_lines": 0, "num_statements": 6, "percent_covered": 0.0, "percent_covered_display": "0.0", "missing_lines": 6, "excluded_lines": 0, "percent_statements_covered": 0.0, "percent_statements_covered_display": "0.0"}, "missing_lines": [318, 319, 322, 323, 324, 326], "excluded_lines": [], "start_line": 316}, "TransactionViewSet.perform_create": {"executed_lines": [], "summary": {"covered_lines": 0, "num_statements": 1, "percent_covered": 0.0, "percent_covered_display": "0.0", "missing_lines": 1, "excluded_lines": 0, "percent_statements_covered": 0.0, "percent_statements_covered_display": "0.0"}, "missing_lines": [329], "excluded_lines": [], "start_line": 328}, "AccountingReportViewSet.balance_sheet": {"executed_lines": [], "summary": {"covered_lines": 0, "num_statements": 62, "percent_covered": 0.0, "percent_covered_display": "0.0", "missing_lines": 62, "excluded_lines": 0, "percent_statements_covered": 0.0, "percent_statements_covered_display": "0.0"}, "missing_lines": [339, 340, 341, 343, 346, 348, 349, 350, 351, 352, 353, 356, 357, 358, 360, 361, 365, 369, 370, 371, 375, 378, 379, 380, 382, 383, 387, 391, 392, 393, 397, 400, 401, 402, 404, 405, 409, 413, 414, 415, 419, 422, 423, 424, 427, 429, 430, 431, 434, 436, 439, 440, 444, 446, 456, 459, 460, 461, 462, 463, 464, 466], "excluded_lines": [], "start_line": 337}, "AccountingReportViewSet.income_statement": {"executed_lines": [], "summary": {"covered_lines": 0, "num_statements": 39, "percent_covered": 0.0, "percent_covered_display": "0.0", "missing_lines": 39, "excluded_lines": 0, "percent_statements_covered": 0.0, "percent_statements_covered_display": "0.0"}, "missing_lines": [471, 472, 474, 476, 477, 479, 481, 482, 484, 486, 491, 492, 493, 496, 497, 498, 500, 501, 505, 506, 510, 513, 514, 515, 517, 518, 522, 523, 527, 529, 531, 541, 544, 545, 546, 547, 548, 549, 551], "excluded_lines": [], "start_line": 469}, "AccountingReportViewSet.trial_balance": {"executed_lines": [], "summary": {"covered_lines": 0, "num_statements": 31, "percent_covered": 0.0, "percent_covered_display": "0.0", "missing_lines": 31, "excluded_lines": 0, "percent_statements_covered": 0.0, "percent_statements_covered_display": "0.0"}, "missing_lines": [556, 557, 558, 560, 562, 564, 565, 566, 568, 569, 573, 577, 578, 579, 580, 582, 583, 584, 586, 587, 595, 596, 598, 605, 608, 609, 610, 611, 612, 613, 615], "excluded_lines": [], "start_line": 554}, "AccountingReportViewSet.general_ledger": {"executed_lines": [], "summary": {"covered_lines": 0, "num_statements": 27, "percent_covered": 0.0, "percent_covered_display": "0.0", "missing_lines": 27, "excluded_lines": 0, "percent_statements_covered": 0.0, "percent_statements_covered_display": "0.0"}, "missing_lines": [620, 621, 622, 624, 625, 630, 631, 632, 633, 638, 640, 641, 642, 643, 645, 647, 648, 650, 651, 652, 653, 655, 657, 658, 660, 662, 672], "excluded_lines": [], "start_line": 618}, "AccountingReportViewSet.cash_flow": {"executed_lines": [], "summary": {"covered_lines": 0, "num_statements": 31, "percent_covered": 0.0, "percent_covered_display": "0.0", "missing_lines": 31, "excluded_lines": 0, "percent_statements_covered": 0.0, "percent_statements_covered_display": "0.0"}, "missing_lines": [687, 688, 690, 692, 693, 695, 697, 698, 700, 702, 709, 710, 711, 715, 716, 719, 720, 721, 725, 726, 729, 732, 735, 738, 739, 740, 741, 742, 743, 744, 746], "excluded_lines": [], "start_line": 685}, "AccountingReportViewSet.account_statement": {"executed_lines": [], "summary": {"covered_lines": 0, "num_statements": 27, "percent_covered": 0.0, "percent_covered_display": "0.0", "missing_lines": 27, "excluded_lines": 0, "percent_statements_covered": 0.0, "percent_statements_covered_display": "0.0"}, "missing_lines": [768, 769, 770, 772, 773, 778, 779, 780, 781, 786, 788, 789, 790, 791, 793, 795, 796, 798, 799, 800, 801, 803, 805, 806, 808, 810, 820], "excluded_lines": [], "start_line": 766}, "": {"executed_lines": [1, 2, 3, 4, 5, 6, 7, 8, 9, 10, 11, 12, 13, 18, 19, 20, 21, 22, 25, 45, 51, 57, 63, 140, 230, 231, 232, 233, 234, 236, 240, 245, 246, 247, 248, 249, 251, 255, 267, 268, 276, 277, 278, 279, 281, 282, 284, 288, 300, 304, 305, 306, 307, 309, 310, 312, 316, 328, 332, 334, 336, 337, 468, 469, 553, 554, 617, 618, 684, 685, 765, 766], "summary": {"covered_lines": 72, "num_statements": 72, "percent_covered": 100.0, "percent_covered_display": "100.0", "missing_lines": 0, "excluded_lines": 0, "percent_statements_covered": 100.0, "percent_statements_covered_display": "100.0"}, "missing_lines": [], "excluded_lines": [], "start_line": 1}}, "classes": {"AccountTypeViewSet": {"executed_lines": [], "summary": {"covered_lines": 0, "num_statements": 3, "percent_covered": 0.0, "percent_covered_display": "0.0", "missing_lines": 3, "excluded_lines": 0, "percent_statements_covered": 0.0, "percent_statements_covered_display": "0.0"}, "missing_lines": [237, 238, 242], "excluded_lines": [], "start_line": 230}, "AccountViewSet": {"executed_lines": [], "summary": {"covered_lines": 0, "num_statements": 12, "percent_covered": 0.0, "percent_covered_display": "0.0", "missing_lines": 12, "excluded_lines": 0, "percent_statements_covered": 0.0, "percent_statements_covered_display": "0.0"}, "missing_lines": [252, 253, 257, 258, 261, 262, 263, 265, 270, 271, 272, 273], "excluded_lines": [], "start_line": 245}, "JournalEntryViewSet": {"executed_lines": [], "summary": {"covered_lines": 0, "num_statements": 9, "percent_covered": 0.0, "percent_covered_display": "0.0", "missing_lines": 9, "excluded_lines": 0, "percent_statements_covered": 0.0, "percent_statements_covered_display": "0.0"}, "missing_lines": [285, 286, 290, 291, 294, 295, 296, 298, 301], "excluded_lines": [], "start_line": 276}, "TransactionViewSet": {"executed_lines": [], "summary": {"covered_lines": 0, "num_statements": 9, "percent_covered": 0.0, "percent_covered_display": "0.0", "missing_lines": 9, "excluded_lines": 0, "percent_statements_covered": 0.0, "percent_statements_covered_display": "0.0"}, "missing_lines": [313, 314, 318, 319, 322, 323, 324, 326, 329], "excluded_lines": [], "start_line": 304}, "AccountingReportViewSet": {"executed_lines": [], "summary": {"covered_lines": 0, "num_statements": 217, "percent_covered": 0.0, "percent_covered_display": "0.0", "missing_lines": 217, "excluded_lines": 0, "percent_statements_covered": 0.0, "percent_statements_covered_display": "0.0"}, "missing_lines": [339, 340, 341, 343, 346, 348, 349, 350, 351, 352, 353, 356, 357, 358, 360, 361, 365, 369, 370, 371, 375, 378, 379, 380, 382, 383, 387, 391, 392, 393, 397, 400, 401, 402, 404, 405, 409, 413, 414, 415, 419, 422, 423, 424, 427, 429, 430, 431, 434, 436, 439, 440, 444, 446, 456, 459, 460, 461, 462, 463, 464, 466, 471, 472, 474, 476, 477, 479, 481, 482, 484, 486, 491, 492, 493, 496, 497, 498, 500, 501, 505, 506, 510, 513, 514, 515, 517, 518, 522, 523, 527, 529, 531, 541, 544, 545, 546, 547, 548, 549, 551, 556, 557, 558, 560, 562, 564, 565, 566, 568, 569, 573, 577, 578, 579, 580, 582, 583, 584, 586, 587, 595, 596, 598, 605, 608, 609, 610, 611, 612, 613, 615, 620, 621, 622, 624, 625, 630, 631, 632, 633, 638, 640, 641, 642, 643, 645, 647, 648, 650, 651, 652, 653, 655, 657, 658, 660, 662, 672, 687, 688, 690, 692, 693, 695, 697, 698, 700, 702, 709, 710, 711, 715, 716, 719, 720, 721, 725, 726, 729, 732, 735, 738, 739, 740, 741, 742, 743, 744, 746, 768, 769, 770, 772, 773, 778, 779, 780, 781, 786, 788, 789, 790, 791, 793, 795, 796, 798, 799, 800, 801, 803, 805, 806, 808, 810, 820], "excluded_lines": [], "start_line": 332}, "": {"executed_lines": [1, 2, 3, 4, 5, 6, 7, 8, 9, 10, 11, 12, 13, 18, 19, 20, 21, 22, 25, 45, 51, 57, 63, 140, 230, 231, 232, 233, 234, 236, 240, 245, 246, 247, 248, 249, 251, 255, 267, 268, 276, 277, 278, 279, 281, 282, 284, 288, 300, 304, 305, 306, 307, 309, 310, 312, 316, 328, 332, 334, 336, 337, 468, 469, 553, 554, 617, 618, 684, 685, 765, 766], "summary": {"covered_lines": 72, "num_statements": 99, "percent_covered": 72.72727272727273, "percent_covered_display": "72.7", "missing_lines": 27, "excluded_lines": 0, "percent_statements_covered": 72.72727272727273, "percent_statements_covered_display": "72.7"}, "missing_lines": [47, 48, 53, 54, 59, 60, 71, 73, 76, 88, 101, 111, 124, 136, 137, 146, 149, 162, 163, 174, 177, 188, 191, 201, 214, 226, 227], "excluded_lines": [], "start_line": 1}}}, "accounts/__init__.py": {"executed_lines": [], "summary": {"covered_lines": 0, "num_statements": 0, "percent_covered": 100.0, "percent_covered_display": "100.0", "missing_lines": 0, "excluded_lines": 0, "percent_statements_covered": 100.0, "percent_statements_covered_display": "100.0"}, "missing_lines": [], "excluded_lines": [], "functions": {"": {"executed_lines": [], "summary": {"covered_lines": 0, "num_statements": 0, "percent_covered": 100.0, "percent_covered_display": "100.0", "missing_lines": 0, "excluded_lines": 0, "percent_statements_covered": 100.0, "percent_statements_covered_display": "100.0"}, "missing_lines": [], "excluded_lines": [], "start_line": 1}}, "classes": {"": {"executed_lines": [], "summary": {"covered_lines": 0, "num_statements": 0, "percent_covered": 100.0, "percent_covered_display": "100.0", "missing_lines": 0, "excluded_lines": 0, "percent_statements_covered": 100.0, "percent_statements_covered_display": "100.0"}, "missing_lines": [], "excluded_lines": [], "start_line": 1}}}, "accounts/admin.py": {"executed_lines": [1, 2, 3, 4, 6, 9, 10, 11, 12, 13, 14, 17, 18, 20, 27, 28, 31, 32, 33, 34, 35, 36, 37, 40, 41, 42, 43, 44, 45, 46, 47, 59, 61, 63, 65, 67, 72], "summary": {"covered_lines": 37, "num_statements": 48, "percent_covered": 77.08333333333333, "percent_covered_display": "77.1", "missing_lines": 11, "excluded_lines": 0, "percent_statements_covered": 77.08333333333333, "percent_statements_covered_display": "77.1"}, "missing_lines": [21, 22, 23, 60, 64, 68, 69, 70, 73, 74, 75], "excluded_lines": [], "functions": {"UserAdmin.get_inline_instances": {"executed_lines": [], "summary": {"covered_lines": 0, "num_statements": 3, "percent_covered": 0.0, "percent_covered_display": "0.0", "missing_lines": 3, "excluded_lines": 0, "percent_statements_covered": 0.0, "percent_statements_covered_display": "0.0"}, "missing_lines": [21, 22, 23], "excluded_lines": [], "start_line": 20}, "RoleAdmin.permissions_count": {"executed_lines": [], "summary": {"covered_lines": 0, "num_statements": 1, "percent_covered": 0.0, "percent_covered_display": "0.0", "missing_lines": 1, "excluded_lines": 0, "percent_statements_covered": 0.0, "percent_statements_covered_display": "0.0"}, "missing_lines": [60], "excluded_lines": [], "start_line": 59}, "RoleAdmin.users_count": {"executed_lines": [], "summary": {"covered_lines": 0, "num_statements": 1, "percent_covered": 0.0, "percent_covered_display": "0.0", "missing_lines": 1, "excluded_lines": 0, "percent_statements_covered": 0.0, "percent_statements_covered_display": "0.0"}, "missing_lines": [64], "excluded_lines": [], "start_line": 63}, "RoleAdmin.save_model": {"executed_lines": [], "summary": {"covered_lines": 0, "num_statements": 3, "percent_covered": 0.0, "percent_covered_display": "0.0", "missing_lines": 3, "excluded_lines": 0, "percent_statements_covered": 0.0, "percent_statements_covered_display": "0.0"}, "missing_lines": [68, 69, 70], "excluded_lines": [], "start_line": 67}, "RoleAdmin.has_delete_permission": {"executed_lines": [], "summary": {"covered_lines": 0, "num_statements": 3, "percent_covered": 0.0, "percent_covered_display": "0.0", "missing_lines": 3, "excluded_lines": 0, "percent_statements_covered": 0.0, "percent_statements_covered_display": "0.0"}, "missing_lines": [73, 74, 75], "excluded_lines": [], "start_line": 72}, "": {"executed_lines": [1, 2, 3, 4, 6, 9, 10, 11, 12, 13, 14, 17, 18, 20, 27, 28, 31, 32, 33, 34, 35, 36, 37, 40, 41, 42, 43, 44, 45, 46, 47, 59, 61, 63, 65, 67, 72], "summary": {"covered_lines": 37, "num_statements": 37, "percent_covered": 100.0, "percent_covered_display": "100.0", "missing_lines": 0, "excluded_lines": 0, "percent_statements_covered": 100.0, "percent_statements_covered_display": "100.0"}, "missing_lines": [], "excluded_lines": [], "start_line": 1}}, "classes": {"UserProfileInline": {"executed_lines": [], "summary": {"covered_lines": 0, "num_statements": 0, "percent_covered": 100.0, "percent_covered_display": "100.0", "missing_lines": 0, "excluded_lines": 0, "percent_statements_covered": 100.0, "percent_statements_covered_display": "100.0"}, "missing_lines": [], "excluded_lines": [], "start_line": 9}, "UserAdmin": {"executed_lines": [], "summary": {"covered_lines": 0, "num_statements": 3, "percent_covered": 0.0, "percent_covered_display": "0.0", "missing_lines": 3, "excluded_lines": 0, "percent_statements_covered": 0.0, "percent_statements_covered_display": "0.0"}, "missing_lines": [21, 22, 23], "excluded_lines": [], "start_line": 17}, "PermissionAdmin": {"executed_lines": [], "summary": {"covered_lines": 0, "num_statements": 0, "percent_covered": 100.0, "percent_covered_display": "100.0", "missing_lines": 0, "excluded_lines": 0, "percent_statements_covered": 100.0, "percent_statements_covered_display": "100.0"}, "missing_lines": [], "excluded_lines": [], "start_line": 32}, "RoleAdmin": {"executed_lines": [], "summary": {"covered_lines": 0, "num_statements": 8, "percent_covered": 0.0, "percent_covered_display": "0.0", "missing_lines": 8, "excluded_lines": 0, "percent_statements_covered": 0.0, "percent_statements_covered_display": "0.0"}, "missing_lines": [60, 64, 68, 69, 70, 73, 74, 75], "excluded_lines": [], "start_line": 41}, "": {"executed_lines": [1, 2, 3, 4, 6, 9, 10, 11, 12, 13, 14, 17, 18, 20, 27, 28, 31, 32, 33, 34, 35, 36, 37, 40, 41, 42, 43, 44, 45, 46, 47, 59, 61, 63, 65, 67, 72], "summary": {"covered_lines": 37, "num_statements": 37, "percent_covered": 100.0, "percent_covered_display": "100.0", "missing_lines": 0, "excluded_lines": 0, "percent_statements_covered": 100.0, "percent_statements_covered_display": "100.0"}, "missing_lines": [], "excluded_lines": [], "start_line": 1}}}, "accounts/apps.py": {"executed_lines": [1, 4, 5, 6], "summary": {"covered_lines": 4, "num_statements": 4, "percent_covered": 100.0, "percent_covered_display": "100.0", "missing_lines": 0, "excluded_lines": 0, "percent_statements_covered": 100.0, "percent_statements_covered_display": "100.0"}, "missing_lines": [], "excluded_lines": [], "functions": {"": {"executed_lines": [1, 4, 5, 6], "summary": {"covered_lines": 4, "num_statements": 4, "percent_covered": 100.0, "percent_covered_display": "100.0", "missing_lines": 0, "excluded_lines": 0, "percent_statements_covered": 100.0, "percent_statements_covered_display": "100.0"}, "missing_lines": [], "excluded_lines": [], "start_line": 1}}, "classes": {"AccountsConfig": {"executed_lines": [], "summary": {"covered_lines": 0, "num_statements": 0, "percent_covered": 100.0, "percent_covered_display": "100.0", "missing_lines": 0, "excluded_lines": 0, "percent_statements_covered": 100.0, "percent_statements_covered_display": "100.0"}, "missing_lines": [], "excluded_lines": [], "start_line": 4}, "": {"executed_lines": [1, 4, 5, 6], "summary": {"covered_lines": 4, "num_statements": 4, "percent_covered": 100.0, "percent_covered_display": "100.0", "missing_lines": 0, "excluded_lines": 0, "percent_statements_covered": 100.0, "percent_statements_covered_display": "100.0"}, "missing_lines": [], "excluded_lines": [], "start_line": 1}}}, "accounts/management/__init__.py": {"executed_lines": [], "summary": {"covered_lines": 0, "num_statements": 0, "percent_covered": 100.0, "percent_covered_display": "100.0", "missing_lines": 0, "excluded_lines": 0, "percent_statements_covered": 100.0, "percent_statements_covered_display": "100.0"}, "missing_lines": [], "excluded_lines": [], "functions": {"": {"executed_lines": [], "summary": {"covered_lines": 0, "num_statements": 0, "percent_covered": 100.0, "percent_covered_display": "100.0", "missing_lines": 0, "excluded_lines": 0, "percent_statements_covered": 100.0, "percent_statements_covered_display": "100.0"}, "missing_lines": [], "excluded_lines": [], "start_line": 1}}, "classes": {"": {"executed_lines": [], "summary": {"covered_lines": 0, "num_statements": 0, "percent_covered": 100.0, "percent_covered_display": "100.0", "missing_lines": 0, "excluded_lines": 0, "percent_statements_covered": 100.0, "percent_statements_covered_display": "100.0"}, "missing_lines": [], "excluded_lines": [], "start_line": 1}}}, "accounts/management/commands/__init__.py": {"executed_lines": [], "summary": {"covered_lines": 0, "num_statements": 0, "percent_covered": 100.0, "percent_covered_display": "100.0", "missing_lines": 0, "excluded_lines": 0, "percent_statements_covered": 100.0, "percent_statements_covered_display": "100.0"}, "missing_lines": [], "excluded_lines": [], "functions": {"": {"executed_lines": [], "summary": {"covered_lines": 0, "num_statements": 0, "percent_covered": 100.0, "percent_covered_display": "100.0", "missing_lines": 0, "excluded_lines": 0, "percent_statements_covered": 100.0, "percent_statements_covered_display": "100.0"}, "missing_lines": [], "excluded_lines": [], "start_line": 1}}, "classes": {"": {"executed_lines": [], "summary": {"covered_lines": 0, "num_statements": 0, "percent_covered": 100.0, "percent_covered_display": "100.0", "missing_lines": 0, "excluded_lines": 0, "percent_statements_covered": 100.0, "percent_statements_covered_display": "100.0"}, "missing_lines": [], "excluded_lines": [], "start_line": 1}}}, "accounts/management/commands/check_data.py": {"executed_lines": [], "summary": {"covered_lines": 0, "num_statements": 67, "percent_covered": 0.0, "percent_covered_display": "0.0", "missing_lines": 67, "excluded_lines": 0, "percent_statements_covered": 0.0, "percent_statements_covered_display": "0.0"}, "missing_lines": [5, 6, 7, 8, 11, 12, 14, 15, 20, 27, 28, 29, 31, 34, 61, 62, 63, 65, 66, 67, 68, 69, 70, 71, 72, 74, 77, 78, 79, 81, 82, 83, 85, 86, 87, 88, 90, 91, 93, 94, 96, 103, 104, 109, 110, 111, 112, 113, 114, 119, 120, 121, 122, 123, 127, 130, 131, 132, 135, 139, 140, 143, 144, 145, 148, 150, 154], "excluded_lines": [], "functions": {"Command.add_arguments": {"executed_lines": [], "summary": {"covered_lines": 0, "num_statements": 2, "percent_covered": 0.0, "percent_covered_display": "0.0", "missing_lines": 2, "excluded_lines": 0, "percent_statements_covered": 0.0, "percent_statements_covered_display": "0.0"}, "missing_lines": [15, 20], "excluded_lines": [], "start_line": 14}, "Command.handle": {"executed_lines": [], "summary": {"covered_lines": 0, "num_statements": 57, "percent_covered": 0.0, "percent_covered_display": "0.0", "missing_lines": 57, "excluded_lines": 0, "percent_statements_covered": 0.0, "percent_statements_covered_display": "0.0"}, "missing_lines": [28, 29, 31, 34, 61, 62, 63, 65, 66, 67, 68, 69, 70, 71, 72, 74, 77, 78, 79, 81, 82, 83, 85, 86, 87, 88, 90, 91, 93, 94, 96, 103, 104, 109, 110, 111, 112, 113, 114, 119, 120, 121, 122, 123, 127, 130, 131, 132, 135, 139, 140, 143, 144, 145, 148, 150, 154], "excluded_lines": [], "start_line": 27}, "": {"executed_lines": [], "summary": {"covered_lines": 0, "num_statements": 8, "percent_covered": 0.0, "percent_covered_display": "0.0", "missing_lines": 8, "excluded_lines": 0, "percent_statements_covered": 0.0, "percent_statements_covered_display": "0.0"}, "missing_lines": [5, 6, 7, 8, 11, 12, 14, 27], "excluded_lines": [], "start_line": 1}}, "classes": {"Command": {"executed_lines": [], "summary": {"covered_lines": 0, "num_statements": 59, "percent_covered": 0.0, "percent_covered_display": "0.0", "missing_lines": 59, "excluded_lines": 0, "percent_statements_covered": 0.0, "percent_statements_covered_display": "0.0"}, "missing_lines": [15, 20, 28, 29, 31, 34, 61, 62, 63, 65, 66, 67, 68, 69, 70, 71, 72, 74, 77, 78, 79, 81, 82, 83, 85, 86, 87, 88, 90, 91, 93, 94, 96, 103, 104, 109, 110, 111, 112, 113, 114, 119, 120, 121, 122, 123, 127, 130, 131, 132, 135, 139, 140, 143, 144, 145, 148, 150, 154], "excluded_lines": [], "start_line": 11}, "": {"executed_lines": [], "summary": {"covered_lines": 0, "num_statements": 8, "percent_covered": 0.0, "percent_covered_display": "0.0", "missing_lines": 8, "excluded_lines": 0, "percent_statements_covered": 0.0, "percent_statements_covered_display": "0.0"}, "missing_lines": [5, 6, 7, 8, 11, 12, 14, 27], "excluded_lines": [], "start_line": 1}}}, "accounts/management/commands/create_users.py": {"executed_lines": [], "summary": {"covered_lines": 0, "num_statements": 38, "percent_covered": 0.0, "percent_covered_display": "0.0", "missing_lines": 38, "excluded_lines": 0, "percent_statements_covered": 0.0, "percent_statements_covered_display": "0.0"}, "missing_lines": [11, 12, 14, 15, 23, 24, 26, 27, 33, 34, 35, 37, 38, 40, 41, 50, 51, 52, 53, 54, 55, 57, 58, 60, 61, 69, 70, 71, 72, 73, 74, 76, 77, 79, 81, 82, 83, 85], "excluded_lines": [], "functions": {"Command.add_arguments": {"executed_lines": [], "summary": {"covered_lines": 0, "num_statements": 1, "percent_covered": 0.0, "percent_covered_display": "0.0", "missing_lines": 1, "excluded_lines": 0, "percent_statements_covered": 0.0, "percent_statements_covered_display": "0.0"}, "missing_lines": [27], "excluded_lines": [], "start_line": 26}, "Command.handle": {"executed_lines": [], "summary": {"covered_lines": 0, "num_statements": 29, "percent_covered": 0.0, "percent_covered_display": "0.0", "missing_lines": 29, "excluded_lines": 0, "percent_statements_covered": 0.0, "percent_statements_covered_display": "0.0"}, "missing_lines": [34, 35, 37, 38, 40, 41, 50, 51, 52, 53, 54, 55, 57, 58, 60, 61, 69, 70, 71, 72, 73, 74, 76, 77, 79, 81, 82, 83, 85], "excluded_lines": [], "start_line": 33}, "": {"executed_lines": [], "summary": {"covered_lines": 0, "num_statements": 8, "percent_covered": 0.0, "percent_covered_display": "0.0", "missing_lines": 8, "excluded_lines": 0, "percent_statements_covered": 0.0, "percent_statements_covered_display": "0.0"}, "missing_lines": [11, 12, 14, 15, 23, 24, 26, 33], "excluded_lines": [], "start_line": 1}}, "classes": {"Command": {"executed_lines": [], "summary": {"covered_lines": 0, "num_statements": 30, "percent_covered": 0.0, "percent_covered_display": "0.0", "missing_lines": 30, "excluded_lines": 0, "percent_statements_covered": 0.0, "percent_statements_covered_display": "0.0"}, "missing_lines": [27, 34, 35, 37, 38, 40, 41, 50, 51, 52, 53, 54, 55, 57, 58, 60, 61, 69, 70, 71, 72, 73, 74, 76, 77, 79, 81, 82, 83, 85], "excluded_lines": [], "start_line": 23}, "": {"executed_lines": [], "summary": {"covered_lines": 0, "num_statements": 8, "percent_covered": 0.0, "percent_covered_display": "0.0", "missing_lines": 8, "excluded_lines": 0, "percent_statements_covered": 0.0, "percent_statements_covered_display": "0.0"}, "missing_lines": [11, 12, 14, 15, 23, 24, 26, 33], "excluded_lines": [], "start_line": 1}}}, "accounts/management/commands/init_legacy_modules.py": {"executed_lines": [], "summary": {"covered_lines": 0, "num_statements": 34, "percent_covered": 0.0, "percent_covered_display": "0.0", "missing_lines": 34, "excluded_lines": 0, "percent_statements_covered": 0.0, "percent_statements_covered_display": "0.0"}, "missing_lines": [1, 2, 5, 6, 11, 12, 15, 192, 193, 200, 201, 204, 205, 206, 207, 210, 211, 212, 213, 223, 224, 227, 228, 229, 230, 231, 232, 233, 234, 235, 236, 237, 238, 240], "excluded_lines": [], "functions": {"Command.handle": {"executed_lines": [], "summary": {"covered_lines": 0, "num_statements": 29, "percent_covered": 0.0, "percent_covered_display": "0.0", "missing_lines": 29, "excluded_lines": 0, "percent_statements_covered": 0.0, "percent_statements_covered_display": "0.0"}, "missing_lines": [12, 15, 192, 193, 200, 201, 204, 205, 206, 207, 210, 211, 212, 213, 223, 224, 227, 228, 229, 230, 231, 232, 233, 234, 235, 236, 237, 238, 240], "excluded_lines": [], "start_line": 11}, "": {"executed_lines": [], "summary": {"covered_lines": 0, "num_statements": 5, "percent_covered": 0.0, "percent_covered_display": "0.0", "missing_lines": 5, "excluded_lines": 0, "percent_statements_covered": 0.0, "percent_statements_covered_display": "0.0"}, "missing_lines": [1, 2, 5, 6, 11], "excluded_lines": [], "start_line": 1}}, "classes": {"Command": {"executed_lines": [], "summary": {"covered_lines": 0, "num_statements": 29, "percent_covered": 0.0, "percent_covered_display": "0.0", "missing_lines": 29, "excluded_lines": 0, "percent_statements_covered": 0.0, "percent_statements_covered_display": "0.0"}, "missing_lines": [12, 15, 192, 193, 200, 201, 204, 205, 206, 207, 210, 211, 212, 213, 223, 224, 227, 228, 229, 230, 231, 232, 233, 234, 235, 236, 237, 238, 240], "excluded_lines": [], "start_line": 5}, "": {"executed_lines": [], "summary": {"covered_lines": 0, "num_statements": 5, "percent_covered": 0.0, "percent_covered_display": "0.0", "missing_lines": 5, "excluded_lines": 0, "percent_statements_covered": 0.0, "percent_statements_covered_display": "0.0"}, "missing_lines": [1, 2, 5, 6, 11], "excluded_lines": [], "start_line": 1}}}, "accounts/management/commands/init_permissions.py": {"executed_lines": [], "summary": {"covered_lines": 0, "num_statements": 13, "percent_covered": 0.0, "percent_covered_display": "0.0", "missing_lines": 13, "excluded_lines": 0, "percent_statements_covered": 0.0, "percent_statements_covered_display": "0.0"}, "missing_lines": [4, 6, 9, 10, 12, 13, 14, 15, 17, 18, 19, 20, 22], "excluded_lines": [], "functions": {"Command.handle": {"executed_lines": [], "summary": {"covered_lines": 0, "num_statements": 8, "percent_covered": 0.0, "percent_covered_display": "0.0", "missing_lines": 8, "excluded_lines": 0, "percent_statements_covered": 0.0, "percent_statements_covered_display": "0.0"}, "missing_lines": [13, 14, 15, 17, 18, 19, 20, 22], "excluded_lines": [], "start_line": 12}, "": {"executed_lines": [], "summary": {"covered_lines": 0, "num_statements": 5, "percent_covered": 0.0, "percent_covered_display": "0.0", "missing_lines": 5, "excluded_lines": 0, "percent_statements_covered": 0.0, "percent_statements_covered_display": "0.0"}, "missing_lines": [4, 6, 9, 10, 12], "excluded_lines": [], "start_line": 1}}, "classes": {"Command": {"executed_lines": [], "summary": {"covered_lines": 0, "num_statements": 8, "percent_covered": 0.0, "percent_covered_display": "0.0", "missing_lines": 8, "excluded_lines": 0, "percent_statements_covered": 0.0, "percent_statements_covered_display": "0.0"}, "missing_lines": [13, 14, 15, 17, 18, 19, 20, 22], "excluded_lines": [], "start_line": 9}, "": {"executed_lines": [], "summary": {"covered_lines": 0, "num_statements": 5, "percent_covered": 0.0, "percent_covered_display": "0.0", "missing_lines": 5, "excluded_lines": 0, "percent_statements_covered": 0.0, "percent_statements_covered_display": "0.0"}, "missing_lines": [4, 6, 9, 10, 12], "excluded_lines": [], "start_line": 1}}}, "accounts/management/commands/seed_demo_catalog.py": {"executed_lines": [], "summary": {"covered_lines": 0, "num_statements": 16, "percent_covered": 0.0, "percent_covered_display": "0.0", "missing_lines": 16, "excluded_lines": 0, "percent_statements_covered": 0.0, "percent_statements_covered_display": "0.0"}, "missing_lines": [6, 8, 10, 11, 14, 15, 17, 18, 23, 24, 25, 42, 43, 44, 46, 48], "excluded_lines": [], "functions": {"Command.handle": {"executed_lines": [], "summary": {"covered_lines": 0, "num_statements": 9, "percent_covered": 0.0, "percent_covered_display": "0.0", "missing_lines": 9, "excluded_lines": 0, "percent_statements_covered": 0.0, "percent_statements_covered_display": "0.0"}, "missing_lines": [18, 23, 24, 25, 42, 43, 44, 46, 48], "excluded_lines": [], "start_line": 17}, "": {"executed_lines": [], "summary": {"covered_lines": 0, "num_statements": 7, "percent_covered": 0.0, "percent_covered_display": "0.0", "missing_lines": 7, "excluded_lines": 0, "percent_statements_covered": 0.0, "percent_statements_covered_display": "0.0"}, "missing_lines": [6, 8, 10, 11, 14, 15, 17], "excluded_lines": [], "start_line": 1}}, "classes": {"Command": {"executed_lines": [], "summary": {"covered_lines": 0, "num_statements": 9, "percent_covered": 0.0, "percent_covered_display": "0.0", "missing_lines": 9, "excluded_lines": 0, "percent_statements_covered": 0.0, "percent_statements_covered_display": "0.0"}, "missing_lines": [18, 23, 24, 25, 42, 43, 44, 46, 48], "excluded_lines": [], "start_line": 14}, "": {"executed_lines": [], "summary": {"covered_lines": 0, "num_statements": 7, "percent_covered": 0.0, "percent_covered_display": "0.0", "missing_lines": 7, "excluded_lines": 0, "percent_statements_covered": 0.0, "percent_statements_covered_display": "0.0"}, "missing_lines": [6, 8, 10, 11, 14, 15, 17], "excluded_lines": [], "start_line": 1}}}, "accounts/models.py": {"executed_lines": [1, 2, 5, 7, 35, 46, 47, 48, 49, 50, 52, 53, 54, 55, 56, 58, 61, 67, 69, 70, 71, 72, 73, 74, 75, 76, 84, 85, 86, 87, 89, 92, 96, 101, 103, 110, 111, 112, 120, 121, 122, 123, 124, 132, 133, 134, 136, 140, 141, 145, 146, 150, 151, 155, 197, 217, 232, 235, 253, 254, 255, 256, 257, 258, 259, 261, 268, 272, 273, 275, 279, 280, 281, 285, 286, 287, 289, 290, 292, 293, 294, 300], "summary": {"covered_lines": 82, "num_statements": 138, "percent_covered": 59.42028985507246, "percent_covered_display": "59.4", "missing_lines": 56, "excluded_lines": 0, "percent_statements_covered": 59.42028985507246, "percent_statements_covered_display": "59.4"}, "missing_lines": [59, 62, 63, 64, 90, 94, 98, 137, 138, 143, 148, 153, 158, 159, 162, 163, 166, 168, 169, 170, 172, 174, 175, 176, 178, 180, 181, 182, 183, 184, 185, 188, 189, 190, 191, 192, 193, 195, 199, 200, 202, 203, 206, 207, 209, 210, 212, 213, 215, 219, 221, 223, 224, 227, 301, 302], "excluded_lines": [], "functions": {"Permission.__str__": {"executed_lines": [], "summary": {"covered_lines": 0, "num_statements": 1, "percent_covered": 0.0, "percent_covered_display": "0.0", "missing_lines": 1, "excluded_lines": 0, "percent_statements_covered": 0.0, "percent_statements_covered_display": "0.0"}, "missing_lines": [59], "excluded_lines": [], "start_line": 58}, "Permission.save": {"executed_lines": [], "summary": {"covered_lines": 0, "num_statements": 3, "percent_covered": 0.0, "percent_covered_display": "0.0", "missing_lines": 3, "excluded_lines": 0, "percent_statements_covered": 0.0, "percent_statements_covered_display": "0.0"}, "missing_lines": [62, 63, 64], "excluded_lines": [], "start_line": 61}, "Role.__str__": {"executed_lines": [], "summary": {"covered_lines": 0, "num_statements": 1, "percent_covered": 0.0, "percent_covered_display": "0.0", "missing_lines": 1, "excluded_lines": 0, "percent_statements_covered": 0.0, "percent_statements_covered_display": "0.0"}, "missing_lines": [90], "excluded_lines": [], "start_line": 89}, "Role.has_permission": {"executed_lines": [], "summary": {"covered_lines": 0, "num_statements": 1, "percent_covered": 0.0, "percent_covered_display": "0.0", "missing_lines": 1, "excluded_lines": 0, "percent_statements_covered": 0.0, "percent_statements_covered_display": "0.0"}, "missing_lines": [94], "excluded_lines": [], "start_line": 92}, "Role.has_module_access": {"executed_lines": [], "summary": {"covered_lines": 0, "num_statements": 1, "percent_covered": 0.0, "percent_covered_display": "0.0", "missing_lines": 1, "excluded_lines": 0, "percent_statements_covered": 0.0, "percent_statements_covered_display": "0.0"}, "missing_lines": [98], "excluded_lines": [], "start_line": 96}, "UserProfile.__str__": {"executed_lines": [], "summary": {"covered_lines": 0, "num_statements": 2, "percent_covered": 0.0, "percent_covered_display": "0.0", "missing_lines": 2, "excluded_lines": 0, "percent_statements_covered": 0.0, "percent_statements_covered_display": "0.0"}, "missing_lines": [137, 138], "excluded_lines": [], "start_line": 136}, "UserProfile.is_super_admin": {"executed_lines": [], "summary": {"covered_lines": 0, "num_statements": 1, "percent_covered": 0.0, "percent_covered_display": "0.0", "missing_lines": 1, "excluded_lines": 0, "percent_statements_covered": 0.0, "percent_statements_covered_display": "0.0"}, "missing_lines": [143], "excluded_lines": [], "start_line": 141}, "UserProfile.is_admin": {"executed_lines": [], "summary": {"covered_lines": 0, "num_statements": 1, "percent_covered": 0.0, "percent_covered_display": "0.0", "missing_lines": 1, "excluded_lines": 0, "percent_statements_covered": 0.0, "percent_statements_covered_display": "0.0"}, "missing_lines": [148], "excluded_lines": [], "start_line": 146}, "UserProfile.is_manager": {"executed_lines": [], "summary": {"covered_lines": 0, "num_statements": 1, "percent_covered": 0.0, "percent_covered_display": "0.0", "missing_lines": 1, "excluded_lines": 0, "percent_statements_covered": 0.0, "percent_statements_covered_display": "0.0"}, "missing_lines": [153], "excluded_lines": [], "start_line": 151}, "UserProfile.has_permission": {"executed_lines": [], "summary": {"covered_lines": 0, "num_statements": 26, "percent_covered": 0.0, "percent_covered_display": "0.0", "missing_lines": 26, "excluded_lines": 0, "percent_statements_covered": 0.0, "percent_statements_covered_display": "0.0"}, "missing_lines": [158, 159, 162, 163, 166, 168, 169, 170, 172, 174, 175, 176, 178, 180, 181, 182, 183, 184, 185, 188, 189, 190, 191, 192, 193, 195], "excluded_lines": [], "start_line": 155}, "UserProfile.has_module_ac
[...]
0", "missing_lines": 6, "excluded_lines": 0, "percent_statements_covered": 0.0, "percent_statements_covered_display": "0.0"}, "missing_lines": [43, 44, 47, 48, 49, 51], "excluded_lines": [], "start_line": 41}, "MoneyTransferViewSet.perform_create": {"executed_lines": [], "summary": {"covered_lines": 0, "num_statements": 1, "percent_covered": 0.0, "percent_covered_display": "0.0", "missing_lines": 1, "excluded_lines": 0, "percent_statements_covered": 0.0, "percent_statements_covered_display": "0.0"}, "missing_lines": [54], "excluded_lines": [], "start_line": 53}, "MoneyTransferViewSet.approve": {"executed_lines": [], "summary": {"covered_lines": 0, "num_statements": 7, "percent_covered": 0.0, "percent_covered_display": "0.0", "missing_lines": 7, "excluded_lines": 0, "percent_statements_covered": 0.0, "percent_statements_covered_display": "0.0"}, "missing_lines": [59, 60, 61, 62, 63, 64, 65], "excluded_lines": [], "start_line": 57}, "MoneyTransferViewSet.statistics": {"executed_lines": [], "summary": {"covered_lines": 0, "num_statements": 2, "percent_covered": 0.0, "percent_covered_display": "0.0", "missing_lines": 2, "excluded_lines": 0, "percent_statements_covered": 0.0, "percent_statements_covered_display": "0.0"}, "missing_lines": [73, 74], "excluded_lines": [], "start_line": 71}, "": {"executed_lines": [1, 2, 3, 4, 5, 6, 7, 8, 9, 10, 11, 14, 27, 28, 29, 30, 31, 32, 33, 34, 35, 37, 41, 53, 56, 57, 70, 71], "summary": {"covered_lines": 28, "num_statements": 28, "percent_covered": 100.0, "percent_covered_display": "100.0", "missing_lines": 0, "excluded_lines": 0, "percent_statements_covered": 100.0, "percent_statements_covered_display": "100.0"}, "missing_lines": [], "excluded_lines": [], "start_line": 1}}, "classes": {"MoneyTransferViewSet": {"executed_lines": [], "summary": {"covered_lines": 0, "num_statements": 18, "percent_covered": 0.0, "percent_covered_display": "0.0", "missing_lines": 18, "excluded_lines": 0, "percent_statements_covered": 0.0, "percent_statements_covered_display": "0.0"}, "missing_lines": [38, 39, 43, 44, 47, 48, 49, 51, 54, 59, 60, 61, 62, 63, 64, 65, 73, 74], "excluded_lines": [], "start_line": 27}, "": {"executed_lines": [1, 2, 3, 4, 5, 6, 7, 8, 9, 10, 11, 14, 27, 28, 29, 30, 31, 32, 33, 34, 35, 37, 41, 53, 56, 57, 70, 71], "summary": {"covered_lines": 28, "num_statements": 28, "percent_covered": 100.0, "percent_covered_display": "100.0", "missing_lines": 0, "excluded_lines": 0, "percent_statements_covered": 100.0, "percent_statements_covered_display": "100.0"}, "missing_lines": [], "excluded_lines": [], "start_line": 1}}}, "utils/__init__.py": {"executed_lines": [], "summary": {"covered_lines": 0, "num_statements": 0, "percent_covered": 100.0, "percent_covered_display": "100.0", "missing_lines": 0, "excluded_lines": 0, "percent_statements_covered": 100.0, "percent_statements_covered_display": "100.0"}, "missing_lines": [], "excluded_lines": [], "functions": {"": {"executed_lines": [], "summary": {"covered_lines": 0, "num_statements": 0, "percent_covered": 100.0, "percent_covered_display": "100.0", "missing_lines": 0, "excluded_lines": 0, "percent_statements_covered": 100.0, "percent_statements_covered_display": "100.0"}, "missing_lines": [], "excluded_lines": [], "start_line": 1}}, "classes": {"": {"executed_lines": [], "summary": {"covered_lines": 0, "num_statements": 0, "percent_covered": 100.0, "percent_covered_display": "100.0", "missing_lines": 0, "excluded_lines": 0, "percent_statements_covered": 100.0, "percent_statements_covered_display": "100.0"}, "missing_lines": [], "excluded_lines": [], "start_line": 1}}}, "utils/audit.py": {"executed_lines": [15, 17, 18, 20, 21, 23, 30, 113, 148, 159], "summary": {"covered_lines": 10, "num_statements": 72, "percent_covered": 13.88888888888889, "percent_covered_display": "13.9", "missing_lines": 62, "excluded_lines": 2, "percent_statements_covered": 13.88888888888889, "percent_statements_covered_display": "13.9"}, "missing_lines": [60, 62, 63, 64, 65, 66, 67, 68, 70, 71, 72, 73, 74, 75, 76, 77, 78, 80, 81, 82, 83, 84, 85, 86, 87, 88, 89, 90, 91, 92, 93, 95, 123, 124, 126, 127, 128, 129, 130, 131, 133, 134, 135, 136, 137, 138, 139, 140, 141, 150, 151, 153, 154, 155, 156, 161, 162, 163, 164, 165, 166, 167], "excluded_lines": [109, 110], "functions": {"log_audit": {"executed_lines": [], "summary": {"covered_lines": 0, "num_statements": 32, "percent_covered": 0.0, "percent_covered_display": "0.0", "missing_lines": 32, "excluded_lines": 2, "percent_statements_covered": 0.0, "percent_statements_covered_display": "0.0"}, "missing_lines": [60, 62, 63, 64, 65, 66, 67, 68, 70, 71, 72, 73, 74, 75, 76, 77, 78, 80, 81, 82, 83, 84, 85, 86, 87, 88, 89, 90, 91, 92, 93, 95], "excluded_lines": [109, 110], "start_line": 30}, "diff_instance": {"executed_lines": [], "summary": {"covered_lines": 0, "num_statements": 16, "percent_covered": 0.0, "percent_covered_display": "0.0", "missing_lines": 16, "excluded_lines": 0, "percent_statements_covered": 0.0, "percent_statements_covered_display": "0.0"}, "missing_lines": [123, 126, 127, 128, 129, 130, 131, 133, 134, 135, 136, 137, 138, 139, 140, 141], "excluded_lines": [], "start_line": 113}, "diff_instance._normalize": {"executed_lines": [], "summary": {"covered_lines": 0, "num_statements": 1, "percent_covered": 0.0, "percent_covered_display": "0.0", "missing_lines": 1, "excluded_lines": 0, "percent_statements_covered": 0.0, "percent_statements_covered_display": "0.0"}, "missing_lines": [124], "excluded_lines": [], "start_line": 123}, "_client_ip": {"executed_lines": [], "summary": {"covered_lines": 0, "num_statements": 6, "percent_covered": 0.0, "percent_covered_display": "0.0", "missing_lines": 6, "excluded_lines": 0, "percent_statements_covered": 0.0, "percent_statements_covered_display": "0.0"}, "missing_lines": [150, 151, 153, 154, 155, 156], "excluded_lines": [], "start_line": 148}, "_json_safe": {"executed_lines": [], "summary": {"covered_lines": 0, "num_statements": 7, "percent_covered": 0.0, "percent_covered_display": "0.0", "missing_lines": 7, "excluded_lines": 0, "percent_statements_covered": 0.0, "percent_statements_covered_display": "0.0"}, "missing_lines": [161, 162, 163, 164, 165, 166, 167], "excluded_lines": [], "start_line": 159}, "": {"executed_lines": [15, 17, 18, 20, 21, 23, 30, 113, 148, 159], "summary": {"covered_lines": 10, "num_statements": 10, "percent_covered": 100.0, "percent_covered_display": "100.0", "missing_lines": 0, "excluded_lines": 0, "percent_statements_covered": 100.0, "percent_statements_covered_display": "100.0"}, "missing_lines": [], "excluded_lines": [], "start_line": 1}}, "classes": {"": {"executed_lines": [15, 17, 18, 20, 21, 23, 30, 113, 148, 159], "summary": {"covered_lines": 10, "num_statements": 72, "percent_covered": 13.88888888888889, "percent_covered_display": "13.9", "missing_lines": 62, "excluded_lines": 2, "percent_statements_covered": 13.88888888888889, "percent_statements_covered_display": "13.9"}, "missing_lines": [60, 62, 63, 64, 65, 66, 67, 68, 70, 71, 72, 73, 74, 75, 76, 77, 78, 80, 81, 82, 83, 84, 85, 86, 87, 88, 89, 90, 91, 92, 93, 95, 123, 124, 126, 127, 128, 129, 130, 131, 133, 134, 135, 136, 137, 138, 139, 140, 141, 150, 151, 153, 154, 155, 156, 161, 162, 163, 164, 165, 166, 167], "excluded_lines": [109, 110], "start_line": 1}}}, "utils/audit_mixin.py": {"executed_lines": [17, 19, 22, 29, 31, 42, 57, 74, 75, 82, 83, 97, 98], "summary": {"covered_lines": 13, "num_statements": 46, "percent_covered": 28.26086956521739, "percent_covered_display": "28.3", "missing_lines": 33, "excluded_lines": 1, "percent_statements_covered": 28.26086956521739, "percent_statements_covered_display": "28.3"}, "missing_lines": [32, 33, 40, 43, 46, 47, 48, 55, 59, 60, 61, 77, 78, 79, 80, 85, 86, 87, 88, 89, 90, 92, 93, 94, 95, 100, 101, 102, 103, 104, 105, 106, 110], "excluded_lines": [1], "functions": {"AuditedModelViewSetMixin.perform_create": {"executed_lines": [], "summary": {"covered_lines": 0, "num_statements": 3, "percent_covered": 0.0, "percent_covered_display": "0.0", "missing_lines": 3, "excluded_lines": 0, "percent_statements_covered": 0.0, "percent_statements_covered_display": "0.0"}, "missing_lines": [32, 33, 40], "excluded_lines": [], "start_line": 31}, "AuditedModelViewSetMixin.perform_update": {"executed_lines": [], "summary": {"covered_lines": 0, "num_statements": 5, "percent_covered": 0.0, "percent_covered_display": "0.0", "missing_lines": 5, "excluded_lines": 0, "percent_statements_covered": 0.0, "percent_statements_covered_display": "0.0"}, "missing_lines": [43, 46, 47, 48, 55], "excluded_lines": [], "start_line": 42}, "AuditedModelViewSetMixin.perform_destroy": {"executed_lines": [], "summary": {"covered_lines": 0, "num_statements": 3, "percent_covered": 0.0, "percent_covered_display": "0.0", "missing_lines": 3, "excluded_lines": 0, "percent_statements_covered": 0.0, "percent_statements_covered_display": "0.0"}, "missing_lines": [59, 60, 61], "excluded_lines": [], "start_line": 57}, "AuditedModelViewSetMixin._safe_serialized": {"executed_lines": [], "summary": {"covered_lines": 0, "num_statements": 4, "percent_covered": 0.0, "percent_covered_display": "0.0", "missing_lines": 4, "excluded_lines": 0, "percent_statements_covered": 0.0, "percent_statements_covered_display": "0.0"}, "missing_lines": [77, 78, 79, 80], "excluded_lines": [], "start_line": 75}, "AuditedModelViewSetMixin._snapshot": {"executed_lines": [], "summary": {"covered_lines": 0, "num_statements": 10, "percent_covered": 0.0, "percent_covered_display": "0.0", "missing_lines": 10, "excluded_lines": 0, "percent_statements_covered": 0.0, "percent_statements_covered_display": "0.0"}, "missing_lines": [85, 86, 87, 88, 89, 90, 92, 93, 94, 95], "excluded_lines": [], "start_line": 83}, "AuditedModelViewSetMixin._diff": {"executed_lines": [], "summary": {"covered_lines": 0, "num_statements": 8, "percent_covered": 0.0, "percent_covered_display": "0.0", "missing_lines": 8, "excluded_lines": 0, "percent_statements_covered": 0.0, "percent_statements_covered_display": "0.0"}, "missing_lines": [100, 101, 102, 103, 104, 105, 106, 110], "excluded_lines": [], "start_line": 98}, "": {"executed_lines": [17, 19, 22, 29, 31, 42, 57, 74, 75, 82, 83, 97, 98], "summary": {"covered_lines": 13, "num_statements": 13, "percent_covered": 100.0, "percent_covered_display": "100.0", "missing_lines": 0, "excluded_lines": 1, "percent_statements_covered": 100.0, "percent_statements_covered_display": "100.0"}, "missing_lines": [], "excluded_lines": [1], "start_line": 1}}, "classes": {"AuditedModelViewSetMixin": {"executed_lines": [], "summary": {"covered_lines": 0, "num_statements": 33, "percent_covered": 0.0, "percent_covered_display": "0.0", "missing_lines": 33, "excluded_lines": 0, "percent_statements_covered": 0.0, "percent_statements_covered_display": "0.0"}, "missing_lines": [32, 33, 40, 43, 46, 47, 48, 55, 59, 60, 61, 77, 78, 79, 80, 85, 86, 87, 88, 89, 90, 92, 93, 94, 95, 100, 101, 102, 103, 104, 105, 106, 110], "excluded_lines": [], "start_line": 22}, "": {"executed_lines": [17, 19, 22, 29, 31, 42, 57, 74, 75, 82, 83, 97, 98], "summary": {"covered_lines": 13, "num_statements": 13, "percent_covered": 100.0, "percent_covered_display": "100.0", "missing_lines": 0, "excluded_lines": 1, "percent_statements_covered": 100.0, "percent_statements_covered_display": "100.0"}, "missing_lines": [], "excluded_lines": [1], "start_line": 1}}}, "utils/pagination.py": {"executed_lines": [4, 7, 21, 22, 23], "summary": {"covered_lines": 5, "num_statements": 5, "percent_covered": 100.0, "percent_covered_display": "100.0", "missing_lines": 0, "excluded_lines": 0, "percent_statements_covered": 100.0, "percent_statements_covered_display": "100.0"}, "missing_lines": [], "excluded_lines": [], "functions": {"": {"executed_lines": [4, 7, 21, 22, 23], "summary": {"covered_lines": 5, "num_statements": 5, "percent_covered": 100.0, "percent_covered_display": "100.0", "missing_lines": 0, "excluded_lines": 0, "percent_statements_covered": 100.0, "percent_statements_covered_display": "100.0"}, "missing_lines": [], "excluded_lines": [], "start_line": 1}}, "classes": {"StandardResultsSetPagination": {"executed_lines": [], "summary": {"covered_lines": 0, "num_statements": 0, "percent_covered": 100.0, "percent_covered_display": "100.0", "missing_lines": 0, "excluded_lines": 0, "percent_statements_covered": 100.0, "percent_statements_covered_display": "100.0"}, "missing_lines": [], "excluded_lines": [], "start_line": 7}, "": {"executed_lines": [4, 7, 21, 22, 23], "summary": {"covered_lines": 5, "num_statements": 5, "percent_covered": 100.0, "percent_covered_display": "100.0", "missing_lines": 0, "excluded_lines": 0, "percent_statements_covered": 100.0, "percent_statements_covered_display": "100.0"}, "missing_lines": [], "excluded_lines": [], "start_line": 1}}}, "utils/pdf_generator.py": {"executed_lines": [4, 5, 6, 7, 8, 9, 10, 11, 12, 13, 16, 23, 217, 304, 396], "summary": {"covered_lines": 15, "num_statements": 178, "percent_covered": 8.426966292134832, "percent_covered_display": "8.4", "missing_lines": 163, "excluded_lines": 0, "percent_statements_covered": 8.426966292134832, "percent_statements_covered_display": "8.4"}, "missing_lines": [18, 19, 20, 25, 26, 29, 32, 33, 42, 50, 51, 54, 55, 56, 59, 66, 67, 74, 75, 78, 79, 86, 87, 92, 93, 96, 98, 99, 100, 101, 102, 103, 104, 105, 106, 107, 108, 110, 111, 112, 114, 121, 122, 135, 136, 139, 148, 149, 161, 164, 165, 166, 168, 169, 171, 172, 173, 180, 181, 192, 195, 196, 197, 198, 201, 202, 209, 212, 213, 214, 219, 220, 221, 223, 224, 234, 235, 236, 239, 240, 241, 246, 249, 250, 251, 256, 259, 260, 261, 266, 269, 282, 283, 284, 285, 286, 288, 289, 290, 291, 292, 294, 295, 296, 297, 299, 300, 301, 306, 307, 308, 310, 311, 321, 322, 323, 324, 325, 328, 329, 330, 335, 338, 339, 340, 345, 348, 352, 365, 366, 367, 368, 369, 371, 372, 373, 374, 375, 377, 378, 388, 389, 391, 392, 393, 398, 399, 400, 402, 403, 413, 414, 415, 418, 419, 420, 428, 430, 431, 443, 445, 446, 447], "excluded_lines": [], "functions": {"format_currency": {"executed_lines": [], "summary": {"covered_lines": 0, "num_statements": 3, "percent_covered": 0.0, "percent_covered_display": "0.0", "missing_lines": 3, "excluded_lines": 0, "percent_statements_covered": 0.0, "percent_statements_covered_display": "0.0"}, "missing_lines": [18, 19, 20], "excluded_lines": [], "start_line": 16}, "create_invoice_pdf": {"executed_lines": [], "summary": {"covered_lines": 0, "num_statements": 67, "percent_covered": 0.0, "percent_covered_display": "0.0", "missing_lines": 67, "excluded_lines": 0, "percent_statements_covered": 0.0, "percent_statements_covered_display": "0.0"}, "missing_lines": [25, 26, 29, 32, 33, 42, 50, 51, 54, 55, 56, 59, 66, 67, 74, 75, 78, 79, 86, 87, 92, 93, 96, 98, 99, 100, 101, 102, 103, 104, 105, 106, 107, 108, 110, 111, 112, 114, 121, 122, 135, 136, 139, 148, 149, 161, 164, 165, 166, 168, 169, 171, 172, 173, 180, 181, 192, 195, 196, 197, 198, 201, 202, 209, 212, 213, 214], "excluded_lines": [], "start_line": 23}, "create_balance_sheet_pdf": {"executed_lines": [], "summary": {"covered_lines": 0, "num_statements": 38, "percent_covered": 0.0, "percent_covered_display": "0.0", "missing_lines": 38, "excluded_lines": 0, "percent_statements_covered": 0.0, "percent_statements_covered_display": "0.0"}, "missing_lines": [219, 220, 221, 223, 224, 234, 235, 236, 239, 240, 241, 246, 249, 250, 251, 256, 259, 260, 261, 266, 269, 282, 283, 284, 285, 286, 288, 289, 290, 291, 292, 294, 295, 296, 297, 299, 300, 301], "excluded_lines": [], "start_line": 217}, "create_income_statement_pdf": {"executed_lines": [], "summary": {"covered_lines": 0, "num_statements": 37, "percent_covered": 0.0, "percent_covered_display": "0.0", "missing_lines": 37, "excluded_lines": 0, "percent_statements_covered": 0.0, "percent_statements_covered_display": "0.0"}, "missing_lines": [306, 307, 308, 310, 311, 321, 322, 323, 324, 325, 328, 329, 330, 335, 338, 339, 340, 345, 348, 352, 365, 366, 367, 368, 369, 371, 372, 373, 374, 375, 377, 378, 388, 389, 391, 392, 393], "excluded_lines": [], "start_line": 304}, "create_trial_balance_pdf": {"executed_lines": [], "summary": {"covered_lines": 0, "num_statements": 18, "percent_covered": 0.0, "percent_covered_display": "0.0", "missing_lines": 18, "excluded_lines": 0, "percent_statements_covered": 0.0, "percent_statements_covered_display": "0.0"}, "missing_lines": [398, 399, 400, 402, 403, 413, 414, 415, 418, 419, 420, 428, 430, 431, 443, 445, 446, 447], "excluded_lines": [], "start_line": 396}, "": {"executed_lines": [4, 5, 6, 7, 8, 9, 10, 11, 12, 13, 16, 23, 217, 304, 396], "summary": {"covered_lines": 15, "num_statements": 15, "percent_covered": 100.0, "percent_covered_display": "100.0", "missing_lines": 0, "excluded_lines": 0, "percent_statements_covered": 100.0, "percent_statements_covered_display": "100.0"}, "missing_lines": [], "excluded_lines": [], "start_line": 1}}, "classes": {"": {"executed_lines": [4, 5, 6, 7, 8, 9, 10, 11, 12, 13, 16, 23, 217, 304, 396], "summary": {"covered_lines": 15, "num_statements": 178, "percent_covered": 8.426966292134832, "percent_covered_display": "8.4", "missing_lines": 163, "excluded_lines": 0, "percent_statements_covered": 8.426966292134832, "percent_statements_covered_display": "8.4"}, "missing_lines": [18, 19, 20, 25, 26, 29, 32, 33, 42, 50, 51, 54, 55, 56, 59, 66, 67, 74, 75, 78, 79, 86, 87, 92, 93, 96, 98, 99, 100, 101, 102, 103, 104, 105, 106, 107, 108, 110, 111, 112, 114, 121, 122, 135, 136, 139, 148, 149, 161, 164, 165, 166, 168, 169, 171, 172, 173, 180, 181, 192, 195, 196, 197, 198, 201, 202, 209, 212, 213, 214, 219, 220, 221, 223, 224, 234, 235, 236, 239, 240, 241, 246, 249, 250, 251, 256, 259, 260, 261, 266, 269, 282, 283, 284, 285, 286, 288, 289, 290, 291, 292, 294, 295, 296, 297, 299, 300, 301, 306, 307, 308, 310, 311, 321, 322, 323, 324, 325, 328, 329, 330, 335, 338, 339, 340, 345, 348, 352, 365, 366, 367, 368, 369, 371, 372, 373, 374, 375, 377, 378, 388, 389, 391, 392, 393, 398, 399, 400, 402, 403, 413, 414, 415, 418, 419, 420, 428, 430, 431, 443, 445, 446, 447], "excluded_lines": [], "start_line": 1}}}, "utils/validation_errors.py": {"executed_lines": [3, 6], "summary": {"covered_lines": 2, "num_statements": 13, "percent_covered": 15.384615384615385, "percent_covered_display": "15.4", "missing_lines": 11, "excluded_lines": 0, "percent_statements_covered": 15.384615384615385, "percent_statements_covered_display": "15.4"}, "missing_lines": [8, 9, 10, 11, 12, 13, 15, 16, 17, 18, 19], "excluded_lines": [], "functions": {"validation_error_message": {"executed_lines": [], "summary": {"covered_lines": 0, "num_statements": 11, "percent_covered": 0.0, "percent_covered_display": "0.0", "missing_lines": 11, "excluded_lines": 0, "percent_statements_covered": 0.0, "percent_statements_covered_display": "0.0"}, "missing_lines": [8, 9, 10, 11, 12, 13, 15, 16, 17, 18, 19], "excluded_lines": [], "start_line": 6}, "": {"executed_lines": [3, 6], "summary": {"covered_lines": 2, "num_statements": 2, "percent_covered": 100.0, "percent_covered_display": "100.0", "missing_lines": 0, "excluded_lines": 0, "percent_statements_covered": 100.0, "percent_statements_covered_display": "100.0"}, "missing_lines": [], "excluded_lines": [], "start_line": 1}}, "classes": {"": {"executed_lines": [3, 6], "summary": {"covered_lines": 2, "num_statements": 13, "percent_covered": 15.384615384615385, "percent_covered_display": "15.4", "missing_lines": 11, "excluded_lines": 0, "percent_statements_covered": 15.384615384615385, "percent_statements_covered_display": "15.4"}, "missing_lines": [8, 9, 10, 11, 12, 13, 15, 16, 17, 18, 19], "excluded_lines": [], "start_line": 1}}}}, "totals": {"covered_lines": 4174, "num_statements": 10603, "percent_covered": 39.366217108365554, "percent_covered_display": "39.4", "missing_lines": 6429, "excluded_lines": 3, "percent_statements_covered": 39.366217108365554, "percent_statements_covered_display": "39.4"}}